\BOOKMARK [-1][-]{part.1}{I Tutorial}{}% 1
\BOOKMARK [0][-]{chapter.1}{Ihr erstes Roboter-Projekt}{part.1}% 2
\BOOKMARK [0][-]{chapter.2}{\304ndern der Farben}{part.1}% 3
\BOOKMARK [0][-]{chapter.3}{Los, beweg dich}{part.1}% 4
\BOOKMARK [0][-]{chapter.4}{Ein Roboter als Haustier}{part.1}% 5
\BOOKMARK [0][-]{chapter.5}{Der Roboter findet seinen Weg selbst\344ndig}{part.1}% 6
\BOOKMARK [0][-]{chapter.6}{Schnickschnack}{part.1}% 7
\BOOKMARK [0][-]{chapter.7}{Angenehme Zeit \(Fortgeschrittener Modus\)}{part.1}% 8
\BOOKMARK [0][-]{chapter.8}{Zustand: Mach nicht immer dasselbe \(Fortgeschritter Modus\)}{part.1}% 9
\BOOKMARK [0][-]{chapter.9}{Z\344hlen \(Fortgeschrittener Modus\)}{part.1}% 10
\BOOKMARK [0][-]{chapter.10}{Beschleunigungssensor \(Fortgeschrittenen Modus\)}{part.1}% 11
\BOOKMARK [-1][-]{part.2}{II Parsons R\344tsel}{}% 12
\BOOKMARK [0][-]{chapter.11}{Parsons-R\344tsel f\374r VPL}{part.2}% 13
\BOOKMARK [-1][-]{part.3}{III Projekte}{}% 14
\BOOKMARK [0][-]{chapter.12}{Braitenberg Vehikel}{part.3}% 15
\BOOKMARK [0][-]{chapter.13}{Der Hase und der Fuchs}{part.3}% 16
\BOOKMARK [0][-]{chapter.14}{Barcode-Leser}{part.3}% 17
\BOOKMARK [0][-]{chapter.15}{Bodenwischer}{part.3}% 18
\BOOKMARK [0][-]{chapter.16}{Geschwindigkeitsmessung}{part.3}% 19
\BOOKMARK [0][-]{chapter.17}{Fangen Sie die Tempos\374nder}{part.3}% 20
\BOOKMARK [0][-]{chapter.18}{Endlicher Automat}{part.3}% 21
\BOOKMARK [0][-]{chapter.19}{Mehrfache Sensorschwellen}{part.3}% 22
\BOOKMARK [0][-]{chapter.20}{Mehrere Thymios}{part.3}% 23
\BOOKMARK [-1][-]{part.4}{IV Von der visuellen zur textbasierten Programmierung}{}% 24
\BOOKMARK [0][-]{chapter.21}{AESL lernen von VPL Programmen}{part.4}% 25
\BOOKMARK [-1][-]{part.5}{V Anh\344nge}{}% 26
\BOOKMARK [0][-]{appendix.A}{Die VPL Benutzer-Schnittstelle}{part.5}% 27
\BOOKMARK [0][-]{appendix.B}{Zusammenfassung der VPL-Bl\366cke}{part.5}% 28
\BOOKMARK [0][-]{appendix.C}{Tipps f\374r die VPL-Programmierung}{part.5}% 29
\BOOKMARK [0][-]{appendix.D}{Techniken f\374r den Einsatz der Schieberegler}{part.5}% 30
