This is pdfTeX, Version 3.1415926-2.5-1.40.14 (MiKTeX 2.9 64-bit) (preloaded format=pdflatex 2013.10.14)  22 OCT 2013 11:22
entering extended mode
**vpl.tex
(C:\Users\Christophe\Documents\GitHub\thymio-vpl-tutorial\docs\fr\vpl.tex
LaTeX2e <2011/06/27>
Babel <v3.8m> and hyphenation patterns for english, afrikaans, ancientgreek, ar
abic, armenian, assamese, basque, bengali, bokmal, bulgarian, catalan, coptic, 
croatian, czech, danish, dutch, esperanto, estonian, farsi, finnish, french, ga
lician, german, german-x-2013-05-26, greek, gujarati, hindi, hungarian, iceland
ic, indonesian, interlingua, irish, italian, kannada, kurmanji, latin, latvian,
 lithuanian, malayalam, marathi, mongolian, mongolianlmc, monogreek, ngerman, n
german-x-2013-05-26, nynorsk, oriya, panjabi, pinyin, polish, portuguese, roman
ian, russian, sanskrit, serbian, slovak, slovenian, spanish, swedish, swissgerm
an, tamil, telugu, turkish, turkmen, ukenglish, ukrainian, uppersorbian, usengl
ishmax, welsh, loaded.
("C:\Program Files\MiKTeX 2.9\tex\latex\base\report.cls"
Document Class: report 2007/10/19 v1.4h Standard LaTeX document class
("C:\Program Files\MiKTeX 2.9\tex\latex\base\size11.clo"
File: size11.clo 2007/10/19 v1.4h Standard LaTeX file (size option)
)
\c@part=\count79
\c@chapter=\count80
\c@section=\count81
\c@subsection=\count82
\c@subsubsection=\count83
\c@paragraph=\count84
\c@subparagraph=\count85
\c@figure=\count86
\c@table=\count87
\abovecaptionskip=\skip41
\belowcaptionskip=\skip42
\bibindent=\dimen102
)
("C:\Program Files\MiKTeX 2.9\tex\latex\psnfss\mathpazo.sty"
Package: mathpazo 2005/04/12 PSNFSS-v9.2a Palatino w/ Pazo Math (D.Puga, WaS) 
\symupright=\mathgroup4
)
("C:\Program Files\MiKTeX 2.9\tex\latex\graphics\graphicx.sty"
Package: graphicx 1999/02/16 v1.0f Enhanced LaTeX Graphics (DPC,SPQR)

("C:\Program Files\MiKTeX 2.9\tex\latex\graphics\keyval.sty"
Package: keyval 1999/03/16 v1.13 key=value parser (DPC)
\KV@toks@=\toks14
)
("C:\Program Files\MiKTeX 2.9\tex\latex\graphics\graphics.sty"
Package: graphics 2009/02/05 v1.0o Standard LaTeX Graphics (DPC,SPQR)

("C:\Program Files\MiKTeX 2.9\tex\latex\graphics\trig.sty"
Package: trig 1999/03/16 v1.09 sin cos tan (DPC)
)
("C:\Program Files\MiKTeX 2.9\tex\latex\00miktex\graphics.cfg"
File: graphics.cfg 2007/01/18 v1.5 graphics configuration of teTeX/TeXLive
)
Package graphics Info: Driver file: pdftex.def on input line 91.

("C:\Program Files\MiKTeX 2.9\tex\latex\pdftex-def\pdftex.def"
File: pdftex.def 2011/05/27 v0.06d Graphics/color for pdfTeX

("C:\Program Files\MiKTeX 2.9\tex\generic\oberdiek\infwarerr.sty"
Package: infwarerr 2010/04/08 v1.3 Providing info/warning/error messages (HO)
)
("C:\Program Files\MiKTeX 2.9\tex\generic\oberdiek\ltxcmds.sty"
Package: ltxcmds 2011/11/09 v1.22 LaTeX kernel commands for general use (HO)
)
\Gread@gobject=\count88
))
\Gin@req@height=\dimen103
\Gin@req@width=\dimen104
)
("C:\Program Files\MiKTeX 2.9\tex\latex\url\url.sty"
\Urlmuskip=\muskip10
Package: url 2006/04/12  ver 3.3  Verb mode for urls, etc.
)
("C:\Program Files\MiKTeX 2.9\tex\latex\graphics\color.sty"
Package: color 2005/11/14 v1.0j Standard LaTeX Color (DPC)

("C:\Program Files\MiKTeX 2.9\tex\latex\00miktex\color.cfg"
File: color.cfg 2007/01/18 v1.5 color configuration of teTeX/TeXLive
)
Package color Info: Driver file: pdftex.def on input line 130.

("C:\Program Files\MiKTeX 2.9\tex\latex\graphics\dvipsnam.def"
File: dvipsnam.def 1999/02/16 v3.0i Driver-dependant file (DPC,SPQR)
))
("C:\Program Files\MiKTeX 2.9\tex\latex\hyperref\hyperref.sty"
Package: hyperref 2012/11/06 v6.83m Hypertext links for LaTeX

("C:\Program Files\MiKTeX 2.9\tex\generic\oberdiek\hobsub-hyperref.sty"
Package: hobsub-hyperref 2012/04/25 v1.12 Bundle oberdiek, subset hyperref (HO)


("C:\Program Files\MiKTeX 2.9\tex\generic\oberdiek\hobsub-generic.sty"
Package: hobsub-generic 2012/04/25 v1.12 Bundle oberdiek, subset generic (HO)
Package: hobsub 2012/04/25 v1.12 Construct package bundles (HO)
Package hobsub Info: Skipping package `infwarerr' (already loaded).
Package hobsub Info: Skipping package `ltxcmds' (already loaded).
Package: ifluatex 2010/03/01 v1.3 Provides the ifluatex switch (HO)
Package ifluatex Info: LuaTeX not detected.
Package: ifvtex 2010/03/01 v1.5 Detect VTeX and its facilities (HO)
Package ifvtex Info: VTeX not detected.
Package: intcalc 2007/09/27 v1.1 Expandable calculations with integers (HO)
Package: ifpdf 2011/01/30 v2.3 Provides the ifpdf switch (HO)
Package ifpdf Info: pdfTeX in PDF mode is detected.
Package: etexcmds 2011/02/16 v1.5 Avoid name clashes with e-TeX commands (HO)
Package etexcmds Info: Could not find \expanded.
(etexcmds)             That can mean that you are not using pdfTeX 1.50 or
(etexcmds)             that some package has redefined \expanded.
(etexcmds)             In the latter case, load this package earlier.
Package: kvsetkeys 2012/04/25 v1.16 Key value parser (HO)
Package: kvdefinekeys 2011/04/07 v1.3 Define keys (HO)
Package: pdftexcmds 2011/11/29 v0.20 Utility functions of pdfTeX for LuaTeX (HO
)
Package pdftexcmds Info: LuaTeX not detected.
Package pdftexcmds Info: \pdf@primitive is available.
Package pdftexcmds Info: \pdf@ifprimitive is available.
Package pdftexcmds Info: \pdfdraftmode found.
Package: pdfescape 2011/11/25 v1.13 Implements pdfTeX's escape features (HO)
Package: bigintcalc 2012/04/08 v1.3 Expandable calculations on big integers (HO
)
Package: bitset 2011/01/30 v1.1 Handle bit-vector datatype (HO)
Package: uniquecounter 2011/01/30 v1.2 Provide unlimited unique counter (HO)
)
Package hobsub Info: Skipping package `hobsub' (already loaded).
Package: letltxmacro 2010/09/02 v1.4 Let assignment for LaTeX macros (HO)
Package: hopatch 2011/06/24 v1.1 Wrapper for package hooks (HO)
Package: xcolor-patch 2011/01/30 xcolor patch
Package: atveryend 2011/06/30 v1.8 Hooks at the very end of document (HO)
Package atveryend Info: \enddocument detected (standard20110627).
Package: atbegshi 2011/10/05 v1.16 At begin shipout hook (HO)
Package: refcount 2011/10/16 v3.4 Data extraction from label references (HO)
Package: hycolor 2011/01/30 v1.7 Color options for hyperref/bookmark (HO)
)
("C:\Program Files\MiKTeX 2.9\tex\generic\ifxetex\ifxetex.sty"
Package: ifxetex 2010/09/12 v0.6 Provides ifxetex conditional
)
("C:\Program Files\MiKTeX 2.9\tex\latex\oberdiek\auxhook.sty"
Package: auxhook 2011/03/04 v1.3 Hooks for auxiliary files (HO)
)
("C:\Program Files\MiKTeX 2.9\tex\latex\oberdiek\kvoptions.sty"
Package: kvoptions 2011/06/30 v3.11 Key value format for package options (HO)
)
\@linkdim=\dimen105
\Hy@linkcounter=\count89
\Hy@pagecounter=\count90

("C:\Program Files\MiKTeX 2.9\tex\latex\hyperref\pd1enc.def"
File: pd1enc.def 2012/11/06 v6.83m Hyperref: PDFDocEncoding definition (HO)
)
\Hy@SavedSpaceFactor=\count91

("C:\Program Files\MiKTeX 2.9\tex\latex\00miktex\hyperref.cfg"
File: hyperref.cfg 2002/06/06 v1.2 hyperref configuration of TeXLive
)
Package hyperref Info: Option `colorlinks' set `true' on input line 4319.
Package hyperref Info: Hyper figures OFF on input line 4443.
Package hyperref Info: Link nesting OFF on input line 4448.
Package hyperref Info: Hyper index ON on input line 4451.
Package hyperref Info: Plain pages OFF on input line 4458.
Package hyperref Info: Backreferencing OFF on input line 4463.
Package hyperref Info: Implicit mode ON; LaTeX internals redefined.
Package hyperref Info: Bookmarks ON on input line 4688.
\c@Hy@tempcnt=\count92
LaTeX Info: Redefining \url on input line 5041.
\XeTeXLinkMargin=\dimen106
\Fld@menulength=\count93
\Field@Width=\dimen107
\Fld@charsize=\dimen108
Package hyperref Info: Hyper figures OFF on input line 6295.
Package hyperref Info: Link nesting OFF on input line 6300.
Package hyperref Info: Hyper index ON on input line 6303.
Package hyperref Info: backreferencing OFF on input line 6310.
Package hyperref Info: Link coloring ON on input line 6313.
Package hyperref Info: Link coloring with OCG OFF on input line 6320.
Package hyperref Info: PDF/A mode OFF on input line 6325.
LaTeX Info: Redefining \ref on input line 6365.
LaTeX Info: Redefining \pageref on input line 6369.
\Hy@abspage=\count94
\c@Item=\count95
\c@Hfootnote=\count96
)

Package hyperref Message: Driver (autodetected): hpdftex.

("C:\Program Files\MiKTeX 2.9\tex\latex\hyperref\hpdftex.def"
File: hpdftex.def 2012/11/06 v6.83m Hyperref driver for pdfTeX
\Fld@listcount=\count97
\c@bookmark@seq@number=\count98

("C:\Program Files\MiKTeX 2.9\tex\latex\oberdiek\rerunfilecheck.sty"
Package: rerunfilecheck 2011/04/15 v1.7 Rerun checks for auxiliary files (HO)
Package uniquecounter Info: New unique counter `rerunfilecheck' on input line 2
82.
)
\Hy@SectionHShift=\skip43
)
(C:\Users\Christophe\Documents\GitHub\thymio-vpl-tutorial\vpl.sty)
("C:\Program Files\MiKTeX 2.9\tex\generic\babel\babel.sty"
Package: babel 2008/07/08 v3.8m The Babel package

*************************************
* Local config file bblopts.cfg used
*
("C:\Program Files\MiKTeX 2.9\tex\latex\00miktex\bblopts.cfg"
File: bblopts.cfg 2006/07/31 v1.0 MiKTeX 'babel' configuration
)
("C:\Program Files\MiKTeX 2.9\tex\generic\babel\frenchb.ldf"
Language: frenchb 2009/03/16 v2.3d French support from the babel system

("C:\Program Files\MiKTeX 2.9\tex\generic\babel\babel.def"
File: babel.def 2008/07/08 v3.8m Babel common definitions
\babel@savecnt=\count99
\U@D=\dimen109
)
Package babel Info: Making : an active character on input line 120.
Package babel Info: Making ; an active character on input line 121.
Package babel Info: Making ! an active character on input line 122.
Package babel Info: Making ? an active character on input line 123.
\FB@Mht=\dimen110
\std@mcc=\count100
\dec@mcc=\count101
\parindentFFN=\dimen111

*************************************
* Local config file frenchb.cfg used
*
("C:\Program Files\MiKTeX 2.9\tex\generic\babel\frenchb.cfg")))
("C:\Program Files\MiKTeX 2.9\tex\latex\carlisle\scalefnt.sty")
("C:\Program Files\MiKTeX 2.9\tex\latex\base\fontenc.sty"
Package: fontenc 2005/09/27 v1.99g Standard LaTeX package

("C:\Program Files\MiKTeX 2.9\tex\latex\base\t1enc.def"
File: t1enc.def 2005/09/27 v1.99g Standard LaTeX file
LaTeX Font Info:    Redeclaring font encoding T1 on input line 43.
))
("C:\Program Files\MiKTeX 2.9\tex\latex\base\inputenc.sty"
Package: inputenc 2008/03/30 v1.1d Input encoding file
\inpenc@prehook=\toks15
\inpenc@posthook=\toks16

("C:\Program Files\MiKTeX 2.9\tex\latex\base\utf8.def"
File: utf8.def 2008/04/05 v1.1m UTF-8 support for inputenc
Now handling font encoding OML ...
... no UTF-8 mapping file for font encoding OML
Now handling font encoding T1 ...
... processing UTF-8 mapping file for font encoding T1

("C:\Program Files\MiKTeX 2.9\tex\latex\base\t1enc.dfu"
File: t1enc.dfu 2008/04/05 v1.1m UTF-8 support for inputenc
   defining Unicode char U+00A1 (decimal 161)
   defining Unicode char U+00A3 (decimal 163)
   defining Unicode char U+00AB (decimal 171)
   defining Unicode char U+00BB (decimal 187)
   defining Unicode char U+00BF (decimal 191)
   defining Unicode char U+00C0 (decimal 192)
   defining Unicode char U+00C1 (decimal 193)
   defining Unicode char U+00C2 (decimal 194)
   defining Unicode char U+00C3 (decimal 195)
   defining Unicode char U+00C4 (decimal 196)
   defining Unicode char U+00C5 (decimal 197)
   defining Unicode char U+00C6 (decimal 198)
   defining Unicode char U+00C7 (decimal 199)
   defining Unicode char U+00C8 (decimal 200)
   defining Unicode char U+00C9 (decimal 201)
   defining Unicode char U+00CA (decimal 202)
   defining Unicode char U+00CB (decimal 203)
   defining Unicode char U+00CC (decimal 204)
   defining Unicode char U+00CD (decimal 205)
   defining Unicode char U+00CE (decimal 206)
   defining Unicode char U+00CF (decimal 207)
   defining Unicode char U+00D0 (decimal 208)
   defining Unicode char U+00D1 (decimal 209)
   defining Unicode char U+00D2 (decimal 210)
   defining Unicode char U+00D3 (decimal 211)
   defining Unicode char U+00D4 (decimal 212)
   defining Unicode char U+00D5 (decimal 213)
   defining Unicode char U+00D6 (decimal 214)
   defining Unicode char U+00D8 (decimal 216)
   defining Unicode char U+00D9 (decimal 217)
   defining Unicode char U+00DA (decimal 218)
   defining Unicode char U+00DB (decimal 219)
   defining Unicode char U+00DC (decimal 220)
   defining Unicode char U+00DD (decimal 221)
   defining Unicode char U+00DE (decimal 222)
   defining Unicode char U+00DF (decimal 223)
   defining Unicode char U+00E0 (decimal 224)
   defining Unicode char U+00E1 (decimal 225)
   defining Unicode char U+00E2 (decimal 226)
   defining Unicode char U+00E3 (decimal 227)
   defining Unicode char U+00E4 (decimal 228)
   defining Unicode char U+00E5 (decimal 229)
   defining Unicode char U+00E6 (decimal 230)
   defining Unicode char U+00E7 (decimal 231)
   defining Unicode char U+00E8 (decimal 232)
   defining Unicode char U+00E9 (decimal 233)
   defining Unicode char U+00EA (decimal 234)
   defining Unicode char U+00EB (decimal 235)
   defining Unicode char U+00EC (decimal 236)
   defining Unicode char U+00ED (decimal 237)
   defining Unicode char U+00EE (decimal 238)
   defining Unicode char U+00EF (decimal 239)
   defining Unicode char U+00F0 (decimal 240)
   defining Unicode char U+00F1 (decimal 241)
   defining Unicode char U+00F2 (decimal 242)
   defining Unicode char U+00F3 (decimal 243)
   defining Unicode char U+00F4 (decimal 244)
   defining Unicode char U+00F5 (decimal 245)
   defining Unicode char U+00F6 (decimal 246)
   defining Unicode char U+00F8 (decimal 248)
   defining Unicode char U+00F9 (decimal 249)
   defining Unicode char U+00FA (decimal 250)
   defining Unicode char U+00FB (decimal 251)
   defining Unicode char U+00FC (decimal 252)
   defining Unicode char U+00FD (decimal 253)
   defining Unicode char U+00FE (decimal 254)
   defining Unicode char U+00FF (decimal 255)
   defining Unicode char U+0102 (decimal 258)
   defining Unicode char U+0103 (decimal 259)
   defining Unicode char U+0104 (decimal 260)
   defining Unicode char U+0105 (decimal 261)
   defining Unicode char U+0106 (decimal 262)
   defining Unicode char U+0107 (decimal 263)
   defining Unicode char U+010C (decimal 268)
   defining Unicode char U+010D (decimal 269)
   defining Unicode char U+010E (decimal 270)
   defining Unicode char U+010F (decimal 271)
   defining Unicode char U+0110 (decimal 272)
   defining Unicode char U+0111 (decimal 273)
   defining Unicode char U+0118 (decimal 280)
   defining Unicode char U+0119 (decimal 281)
   defining Unicode char U+011A (decimal 282)
   defining Unicode char U+011B (decimal 283)
   defining Unicode char U+011E (decimal 286)
   defining Unicode char U+011F (decimal 287)
   defining Unicode char U+0130 (decimal 304)
   defining Unicode char U+0131 (decimal 305)
   defining Unicode char U+0132 (decimal 306)
   defining Unicode char U+0133 (decimal 307)
   defining Unicode char U+0139 (decimal 313)
   defining Unicode char U+013A (decimal 314)
   defining Unicode char U+013D (decimal 317)
   defining Unicode char U+013E (decimal 318)
   defining Unicode char U+0141 (decimal 321)
   defining Unicode char U+0142 (decimal 322)
   defining Unicode char U+0143 (decimal 323)
   defining Unicode char U+0144 (decimal 324)
   defining Unicode char U+0147 (decimal 327)
   defining Unicode char U+0148 (decimal 328)
   defining Unicode char U+014A (decimal 330)
   defining Unicode char U+014B (decimal 331)
   defining Unicode char U+0150 (decimal 336)
   defining Unicode char U+0151 (decimal 337)
   defining Unicode char U+0152 (decimal 338)
   defining Unicode char U+0153 (decimal 339)
   defining Unicode char U+0154 (decimal 340)
   defining Unicode char U+0155 (decimal 341)
   defining Unicode char U+0158 (decimal 344)
   defining Unicode char U+0159 (decimal 345)
   defining Unicode char U+015A (decimal 346)
   defining Unicode char U+015B (decimal 347)
   defining Unicode char U+015E (decimal 350)
   defining Unicode char U+015F (decimal 351)
   defining Unicode char U+0160 (decimal 352)
   defining Unicode char U+0161 (decimal 353)
   defining Unicode char U+0162 (decimal 354)
   defining Unicode char U+0163 (decimal 355)
   defining Unicode char U+0164 (decimal 356)
   defining Unicode char U+0165 (decimal 357)
   defining Unicode char U+016E (decimal 366)
   defining Unicode char U+016F (decimal 367)
   defining Unicode char U+0170 (decimal 368)
   defining Unicode char U+0171 (decimal 369)
   defining Unicode char U+0178 (decimal 376)
   defining Unicode char U+0179 (decimal 377)
   defining Unicode char U+017A (decimal 378)
   defining Unicode char U+017B (decimal 379)
   defining Unicode char U+017C (decimal 380)
   defining Unicode char U+017D (decimal 381)
   defining Unicode char U+017E (decimal 382)
   defining Unicode char U+200C (decimal 8204)
   defining Unicode char U+2013 (decimal 8211)
   defining Unicode char U+2014 (decimal 8212)
   defining Unicode char U+2018 (decimal 8216)
   defining Unicode char U+2019 (decimal 8217)
   defining Unicode char U+201A (decimal 8218)
   defining Unicode char U+201C (decimal 8220)
   defining Unicode char U+201D (decimal 8221)
   defining Unicode char U+201E (decimal 8222)
   defining Unicode char U+2030 (decimal 8240)
   defining Unicode char U+2031 (decimal 8241)
   defining Unicode char U+2039 (decimal 8249)
   defining Unicode char U+203A (decimal 8250)
   defining Unicode char U+2423 (decimal 9251)
)
Now handling font encoding OT1 ...
... processing UTF-8 mapping file for font encoding OT1

("C:\Program Files\MiKTeX 2.9\tex\latex\base\ot1enc.dfu"
File: ot1enc.dfu 2008/04/05 v1.1m UTF-8 support for inputenc
   defining Unicode char U+00A1 (decimal 161)
   defining Unicode char U+00A3 (decimal 163)
   defining Unicode char U+00B8 (decimal 184)
   defining Unicode char U+00BF (decimal 191)
   defining Unicode char U+00C5 (decimal 197)
   defining Unicode char U+00C6 (decimal 198)
   defining Unicode char U+00D8 (decimal 216)
   defining Unicode char U+00DF (decimal 223)
   defining Unicode char U+00E6 (decimal 230)
   defining Unicode char U+00EC (decimal 236)
   defining Unicode char U+00ED (decimal 237)
   defining Unicode char U+00EE (decimal 238)
   defining Unicode char U+00EF (decimal 239)
   defining Unicode char U+00F8 (decimal 248)
   defining Unicode char U+0131 (decimal 305)
   defining Unicode char U+0141 (decimal 321)
   defining Unicode char U+0142 (decimal 322)
   defining Unicode char U+0152 (decimal 338)
   defining Unicode char U+0153 (decimal 339)
   defining Unicode char U+2013 (decimal 8211)
   defining Unicode char U+2014 (decimal 8212)
   defining Unicode char U+2018 (decimal 8216)
   defining Unicode char U+2019 (decimal 8217)
   defining Unicode char U+201C (decimal 8220)
   defining Unicode char U+201D (decimal 8221)
)
Now handling font encoding OMS ...
... processing UTF-8 mapping file for font encoding OMS

("C:\Program Files\MiKTeX 2.9\tex\latex\base\omsenc.dfu"
File: omsenc.dfu 2008/04/05 v1.1m UTF-8 support for inputenc
   defining Unicode char U+00A7 (decimal 167)
   defining Unicode char U+00B6 (decimal 182)
   defining Unicode char U+00B7 (decimal 183)
   defining Unicode char U+2020 (decimal 8224)
   defining Unicode char U+2021 (decimal 8225)
   defining Unicode char U+2022 (decimal 8226)
)
Now handling font encoding OMX ...
... no UTF-8 mapping file for font encoding OMX
Now handling font encoding U ...
... no UTF-8 mapping file for font encoding U
Now handling font encoding PD1 ...
... no UTF-8 mapping file for font encoding PD1
   defining Unicode char U+00A9 (decimal 169)
   defining Unicode char U+00AA (decimal 170)
   defining Unicode char U+00AE (decimal 174)
   defining Unicode char U+00BA (decimal 186)
   defining Unicode char U+02C6 (decimal 710)
   defining Unicode char U+02DC (decimal 732)
   defining Unicode char U+200C (decimal 8204)
   defining Unicode char U+2026 (decimal 8230)
   defining Unicode char U+2122 (decimal 8482)
   defining Unicode char U+2423 (decimal 9251)
))
("C:\Program Files\MiKTeX 2.9\tex\latex\lm\lmodern.sty"
Package: lmodern 2009/10/30 v1.6 Latin Modern Fonts
LaTeX Font Info:    Overwriting symbol font `operators' in version `normal'
(Font)                  OT1/ppl/m/n --> OT1/lmr/m/n on input line 22.
LaTeX Font Info:    Overwriting symbol font `letters' in version `normal'
(Font)                  OML/zplm/m/it --> OML/lmm/m/it on input line 23.
LaTeX Font Info:    Overwriting symbol font `symbols' in version `normal'
(Font)                  OMS/zplm/m/n --> OMS/lmsy/m/n on input line 24.
LaTeX Font Info:    Overwriting symbol font `largesymbols' in version `normal'
(Font)                  OMX/zplm/m/n --> OMX/lmex/m/n on input line 25.
LaTeX Font Info:    Overwriting symbol font `operators' in version `bold'
(Font)                  OT1/ppl/b/n --> OT1/lmr/bx/n on input line 26.
LaTeX Font Info:    Overwriting symbol font `letters' in version `bold'
(Font)                  OML/zplm/b/it --> OML/lmm/b/it on input line 27.
LaTeX Font Info:    Overwriting symbol font `symbols' in version `bold'
(Font)                  OMS/zplm/b/n --> OMS/lmsy/b/n on input line 28.
LaTeX Font Info:    Overwriting symbol font `largesymbols' in version `bold'
(Font)                  OMX/zplm/m/n --> OMX/lmex/m/n on input line 29.
LaTeX Font Info:    Overwriting math alphabet `\mathbf' in version `normal'
(Font)                  OT1/zplm/b/n --> OT1/lmr/bx/n on input line 31.
LaTeX Font Info:    Overwriting math alphabet `\mathsf' in version `normal'
(Font)                  OT1/cmss/m/n --> OT1/lmss/m/n on input line 32.
LaTeX Font Info:    Overwriting math alphabet `\mathit' in version `normal'
(Font)                  OT1/ppl/m/it --> OT1/lmr/m/it on input line 33.
LaTeX Font Info:    Overwriting math alphabet `\mathtt' in version `normal'
(Font)                  OT1/cmtt/m/n --> OT1/lmtt/m/n on input line 34.
LaTeX Font Info:    Overwriting math alphabet `\mathbf' in version `bold'
(Font)                  OT1/zplm/b/n --> OT1/lmr/bx/n on input line 35.
LaTeX Font Info:    Overwriting math alphabet `\mathsf' in version `bold'
(Font)                  OT1/cmss/bx/n --> OT1/lmss/bx/n on input line 36.
LaTeX Font Info:    Overwriting math alphabet `\mathit' in version `bold'
(Font)                  OT1/ppl/b/it --> OT1/lmr/bx/it on input line 37.
LaTeX Font Info:    Overwriting math alphabet `\mathtt' in version `bold'
(Font)                  OT1/cmtt/m/n --> OT1/lmtt/m/n on input line 38.
)
("C:\Program Files\MiKTeX 2.9\tex\latex\bclogo\bclogo.sty"
Package: bclogo 2011/07/06 v2.26

("C:\Program Files\MiKTeX 2.9\tex\latex\xkeyval\xkeyval.sty"
Package: xkeyval 2012/10/14 v2.6b package option processing (HA)

("C:\Program Files\MiKTeX 2.9\tex\generic\xkeyval\xkeyval.tex"
\XKV@toks=\toks17
\XKV@tempa@toks=\toks18
\XKV@depth=\count102
File: xkeyval.tex 2012/10/14 v2.6b key=value parser (HA)
))
("C:\Program Files\MiKTeX 2.9\tex\latex\base\ifthen.sty"
Package: ifthen 2001/05/26 v1.1c Standard LaTeX ifthen package (DPC)
)
\logowidth=\skip44

("C:\Program Files\MiKTeX 2.9\tex\latex\pgf\frontendlayer\tikz.sty"
("C:\Program Files\MiKTeX 2.9\tex\latex\pgf\basiclayer\pgf.sty"
("C:\Program Files\MiKTeX 2.9\tex\latex\pgf\utilities\pgfrcs.sty"
("C:\Program Files\MiKTeX 2.9\tex\generic\pgf\utilities\pgfutil-common.tex"
\pgfutil@everybye=\toks19
)
("C:\Program Files\MiKTeX 2.9\tex\generic\pgf\utilities\pgfutil-latex.def"
\pgfutil@abb=\box26

("C:\Program Files\MiKTeX 2.9\tex\latex\ms\everyshi.sty"
Package: everyshi 2001/05/15 v3.00 EveryShipout Package (MS)
))
("C:\Program Files\MiKTeX 2.9\tex\generic\pgf\utilities\pgfrcs.code.tex"
Package: pgfrcs 2010/10/25 v2.10 (rcs-revision 1.24)
))
Package: pgf 2008/01/15 v2.10 (rcs-revision 1.12)

("C:\Program Files\MiKTeX 2.9\tex\latex\pgf\basiclayer\pgfcore.sty"
("C:\Program Files\MiKTeX 2.9\tex\latex\pgf\systemlayer\pgfsys.sty"
("C:\Program Files\MiKTeX 2.9\tex\generic\pgf\systemlayer\pgfsys.code.tex"
Package: pgfsys 2010/06/30 v2.10 (rcs-revision 1.37)

("C:\Program Files\MiKTeX 2.9\tex\generic\pgf\utilities\pgfkeys.code.tex"
\pgfkeys@pathtoks=\toks20
\pgfkeys@temptoks=\toks21

("C:\Program Files\MiKTeX 2.9\tex\generic\pgf\utilities\pgfkeysfiltered.code.te
x"
\pgfkeys@tmptoks=\toks22
))
\pgf@x=\dimen112
\pgf@y=\dimen113
\pgf@xa=\dimen114
\pgf@ya=\dimen115
\pgf@xb=\dimen116
\pgf@yb=\dimen117
\pgf@xc=\dimen118
\pgf@yc=\dimen119
\w@pgf@writea=\write3
\r@pgf@reada=\read1
\c@pgf@counta=\count103
\c@pgf@countb=\count104
\c@pgf@countc=\count105
\c@pgf@countd=\count106
 ("C:\Program Files\MiKTeX 2.9\tex\generic\pgf\systemlayer\pgf.cfg"
File: pgf.cfg 2008/05/14  (rcs-revision 1.7)
)
Package pgfsys Info: Driver file for pgf: pgfsys-pdftex.def on input line 900.

("C:\Program Files\MiKTeX 2.9\tex\generic\pgf\systemlayer\pgfsys-pdftex.def"
File: pgfsys-pdftex.def 2009/05/22  (rcs-revision 1.26)

("C:\Program Files\MiKTeX 2.9\tex\generic\pgf\systemlayer\pgfsys-common-pdf.def
"
File: pgfsys-common-pdf.def 2008/05/19  (rcs-revision 1.10)
)))
("C:\Program Files\MiKTeX 2.9\tex\generic\pgf\systemlayer\pgfsyssoftpath.code.t
ex"
File: pgfsyssoftpath.code.tex 2008/07/18  (rcs-revision 1.7)
\pgfsyssoftpath@smallbuffer@items=\count107
\pgfsyssoftpath@bigbuffer@items=\count108
)
("C:\Program Files\MiKTeX 2.9\tex\generic\pgf\systemlayer\pgfsysprotocol.code.t
ex"
File: pgfsysprotocol.code.tex 2006/10/16  (rcs-revision 1.4)
)) ("C:\Program Files\MiKTeX 2.9\tex\latex\xcolor\xcolor.sty"
Package: xcolor 2007/01/21 v2.11 LaTeX color extensions (UK)

("C:\Program Files\MiKTeX 2.9\tex\latex\00miktex\color.cfg"
File: color.cfg 2007/01/18 v1.5 color configuration of teTeX/TeXLive
)
Package xcolor Info: Driver file: pdftex.def on input line 225.
LaTeX Info: Redefining \color on input line 702.
Package xcolor Info: Model `cmy' substituted by `cmy0' on input line 1337.
Package xcolor Info: Model `hsb' substituted by `rgb' on input line 1341.
Package xcolor Info: Model `RGB' extended on input line 1353.
Package xcolor Info: Model `HTML' substituted by `rgb' on input line 1355.
Package xcolor Info: Model `Hsb' substituted by `hsb' on input line 1356.
Package xcolor Info: Model `tHsb' substituted by `hsb' on input line 1357.
Package xcolor Info: Model `HSB' substituted by `hsb' on input line 1358.
Package xcolor Info: Model `Gray' substituted by `gray' on input line 1359.
Package xcolor Info: Model `wave' substituted by `hsb' on input line 1360.
)
("C:\Program Files\MiKTeX 2.9\tex\generic\pgf\basiclayer\pgfcore.code.tex"
Package: pgfcore 2010/04/11 v2.10 (rcs-revision 1.7)

("C:\Program Files\MiKTeX 2.9\tex\generic\pgf\math\pgfmath.code.tex"
("C:\Program Files\MiKTeX 2.9\tex\generic\pgf\math\pgfmathcalc.code.tex"
("C:\Program Files\MiKTeX 2.9\tex\generic\pgf\math\pgfmathutil.code.tex")
("C:\Program Files\MiKTeX 2.9\tex\generic\pgf\math\pgfmathparser.code.tex"
\pgfmath@dimen=\dimen120
\pgfmath@count=\count109
\pgfmath@box=\box27
\pgfmath@toks=\toks23
\pgfmath@stack@operand=\toks24
\pgfmath@stack@operation=\toks25
)
("C:\Program Files\MiKTeX 2.9\tex\generic\pgf\math\pgfmathfunctions.code.tex"
("C:\Program Files\MiKTeX 2.9\tex\generic\pgf\math\pgfmathfunctions.basic.code.
tex")
("C:\Program Files\MiKTeX 2.9\tex\generic\pgf\math\pgfmathfunctions.trigonometr
ic.code.tex")
("C:\Program Files\MiKTeX 2.9\tex\generic\pgf\math\pgfmathfunctions.random.code
.tex")
("C:\Program Files\MiKTeX 2.9\tex\generic\pgf\math\pgfmathfunctions.comparison.
code.tex")
("C:\Program Files\MiKTeX 2.9\tex\generic\pgf\math\pgfmathfunctions.base.code.t
ex")
("C:\Program Files\MiKTeX 2.9\tex\generic\pgf\math\pgfmathfunctions.round.code.
tex")
("C:\Program Files\MiKTeX 2.9\tex\generic\pgf\math\pgfmathfunctions.misc.code.t
ex"))) ("C:\Program Files\MiKTeX 2.9\tex\generic\pgf\math\pgfmathfloat.code.tex
"
\c@pgfmathroundto@lastzeros=\count110
))
("C:\Program Files\MiKTeX 2.9\tex\generic\pgf\basiclayer\pgfcorepoints.code.tex
"
File: pgfcorepoints.code.tex 2010/04/09  (rcs-revision 1.20)
\pgf@picminx=\dimen121
\pgf@picmaxx=\dimen122
\pgf@picminy=\dimen123
\pgf@picmaxy=\dimen124
\pgf@pathminx=\dimen125
\pgf@pathmaxx=\dimen126
\pgf@pathminy=\dimen127
\pgf@pathmaxy=\dimen128
\pgf@xx=\dimen129
\pgf@xy=\dimen130
\pgf@yx=\dimen131
\pgf@yy=\dimen132
\pgf@zx=\dimen133
\pgf@zy=\dimen134
)
("C:\Program Files\MiKTeX 2.9\tex\generic\pgf\basiclayer\pgfcorepathconstruct.c
ode.tex"
File: pgfcorepathconstruct.code.tex 2010/08/03  (rcs-revision 1.24)
\pgf@path@lastx=\dimen135
\pgf@path@lasty=\dimen136
)
("C:\Program Files\MiKTeX 2.9\tex\generic\pgf\basiclayer\pgfcorepathusage.code.
tex"
File: pgfcorepathusage.code.tex 2008/04/22  (rcs-revision 1.12)
\pgf@shorten@end@additional=\dimen137
\pgf@shorten@start@additional=\dimen138
)
("C:\Program Files\MiKTeX 2.9\tex\generic\pgf\basiclayer\pgfcorescopes.code.tex
"
File: pgfcorescopes.code.tex 2010/09/08  (rcs-revision 1.34)
\pgfpic=\box28
\pgf@hbox=\box29
\pgf@layerbox@main=\box30
\pgf@picture@serial@count=\count111
)
("C:\Program Files\MiKTeX 2.9\tex\generic\pgf\basiclayer\pgfcoregraphicstate.co
de.tex"
File: pgfcoregraphicstate.code.tex 2008/04/22  (rcs-revision 1.9)
\pgflinewidth=\dimen139
)
("C:\Program Files\MiKTeX 2.9\tex\generic\pgf\basiclayer\pgfcoretransformations
.code.tex"
File: pgfcoretransformations.code.tex 2009/06/10  (rcs-revision 1.11)
\pgf@pt@x=\dimen140
\pgf@pt@y=\dimen141
\pgf@pt@temp=\dimen142
)
("C:\Program Files\MiKTeX 2.9\tex\generic\pgf\basiclayer\pgfcorequick.code.tex"
File: pgfcorequick.code.tex 2008/10/09  (rcs-revision 1.3)
)
("C:\Program Files\MiKTeX 2.9\tex\generic\pgf\basiclayer\pgfcoreobjects.code.te
x"
File: pgfcoreobjects.code.tex 2006/10/11  (rcs-revision 1.2)
)
("C:\Program Files\MiKTeX 2.9\tex\generic\pgf\basiclayer\pgfcorepathprocessing.
code.tex"
File: pgfcorepathprocessing.code.tex 2008/10/09  (rcs-revision 1.8)
)
("C:\Program Files\MiKTeX 2.9\tex\generic\pgf\basiclayer\pgfcorearrows.code.tex
"
File: pgfcorearrows.code.tex 2008/04/23  (rcs-revision 1.11)
)
("C:\Program Files\MiKTeX 2.9\tex\generic\pgf\basiclayer\pgfcoreshade.code.tex"
File: pgfcoreshade.code.tex 2008/11/23  (rcs-revision 1.13)
\pgf@max=\dimen143
\pgf@sys@shading@range@num=\count112
) ("C:\Program Files\MiKTeX 2.9\tex\generic\pgf\basiclayer\pgfcoreimage.code.te
x"
File: pgfcoreimage.code.tex 2010/03/25  (rcs-revision 1.16)

("C:\Program Files\MiKTeX 2.9\tex\generic\pgf\basiclayer\pgfcoreexternal.code.t
ex"
File: pgfcoreexternal.code.tex 2010/09/01  (rcs-revision 1.17)
\pgfexternal@startupbox=\box31
))
("C:\Program Files\MiKTeX 2.9\tex\generic\pgf\basiclayer\pgfcorelayers.code.tex
"
File: pgfcorelayers.code.tex 2010/08/27  (rcs-revision 1.2)
)
("C:\Program Files\MiKTeX 2.9\tex\generic\pgf\basiclayer\pgfcoretransparency.co
de.tex"
File: pgfcoretransparency.code.tex 2008/01/17  (rcs-revision 1.2)
)
("C:\Program Files\MiKTeX 2.9\tex\generic\pgf\basiclayer\pgfcorepatterns.code.t
ex"
File: pgfcorepatterns.code.tex 2009/07/02  (rcs-revision 1.3)
)))
("C:\Program Files\MiKTeX 2.9\tex\generic\pgf\modules\pgfmoduleshapes.code.tex"
File: pgfmoduleshapes.code.tex 2010/09/09  (rcs-revision 1.13)
\pgfnodeparttextbox=\box32
) ("C:\Program Files\MiKTeX 2.9\tex\generic\pgf\modules\pgfmoduleplot.code.tex"
File: pgfmoduleplot.code.tex 2010/10/22  (rcs-revision 1.8)
)
("C:\Program Files\MiKTeX 2.9\tex\latex\pgf\compatibility\pgfcomp-version-0-65.
sty"
Package: pgfcomp-version-0-65 2007/07/03 v2.10 (rcs-revision 1.7)
\pgf@nodesepstart=\dimen144
\pgf@nodesepend=\dimen145
)
("C:\Program Files\MiKTeX 2.9\tex\latex\pgf\compatibility\pgfcomp-version-1-18.
sty"
Package: pgfcomp-version-1-18 2007/07/23 v2.10 (rcs-revision 1.1)
)) ("C:\Program Files\MiKTeX 2.9\tex\latex\pgf\utilities\pgffor.sty"
("C:\Program Files\MiKTeX 2.9\tex\latex\pgf\utilities\pgfkeys.sty"
("C:\Program Files\MiKTeX 2.9\tex\generic\pgf\utilities\pgfkeys.code.tex"))
("C:\Program Files\MiKTeX 2.9\tex\generic\pgf\utilities\pgffor.code.tex"
Package: pgffor 2010/03/23 v2.10 (rcs-revision 1.18)
\pgffor@iter=\dimen146
\pgffor@skip=\dimen147
\pgffor@stack=\toks26
\pgffor@toks=\toks27
))
("C:\Program Files\MiKTeX 2.9\tex\generic\pgf\frontendlayer\tikz\tikz.code.tex"
Package: tikz 2010/10/13 v2.10 (rcs-revision 1.76)

("C:\Program Files\MiKTeX 2.9\tex\generic\pgf\libraries\pgflibraryplothandlers.
code.tex"
File: pgflibraryplothandlers.code.tex 2010/05/31 v2.10 (rcs-revision 1.15)
\pgf@plot@mark@count=\count113
\pgfplotmarksize=\dimen148
)
\tikz@lastx=\dimen149
\tikz@lasty=\dimen150
\tikz@lastxsaved=\dimen151
\tikz@lastysaved=\dimen152
\tikzleveldistance=\dimen153
\tikzsiblingdistance=\dimen154
\tikz@figbox=\box33
\tikz@tempbox=\box34
\tikztreelevel=\count114
\tikznumberofchildren=\count115
\tikznumberofcurrentchild=\count116
\tikz@fig@count=\count117

("C:\Program Files\MiKTeX 2.9\tex\generic\pgf\modules\pgfmodulematrix.code.tex"
File: pgfmodulematrix.code.tex 2010/08/24  (rcs-revision 1.4)
\pgfmatrixcurrentrow=\count118
\pgfmatrixcurrentcolumn=\count119
\pgf@matrix@numberofcolumns=\count120
)
\tikz@expandcount=\count121

("C:\Program Files\MiKTeX 2.9\tex\generic\pgf\frontendlayer\tikz\libraries\tikz
librarytopaths.code.tex"
File: tikzlibrarytopaths.code.tex 2008/06/17 v2.10 (rcs-revision 1.2)
)))
("C:\Program Files\MiKTeX 2.9\tex\generic\pgf\frontendlayer\tikz\libraries\tikz
libraryshadows.code.tex"
File: tikzlibraryshadows.code.tex 2008/01/13 v2.10 (rcs-revision 1.3)

("C:\Program Files\MiKTeX 2.9\tex\generic\pgf\frontendlayer\tikz\libraries\tikz
libraryfadings.code.tex"
File: tikzlibraryfadings.code.tex 2009/11/15 v2.10 (rcs-revision 1.2)

("C:\Program Files\MiKTeX 2.9\tex\generic\pgf\libraries\pgflibraryfadings.code.
tex"
File: pgflibraryfadings.code.tex 2008/02/07 v2.10 (rcs-revision 1.3)
)))
("C:\Program Files\MiKTeX 2.9\tex\generic\pgf\frontendlayer\tikz\libraries\tikz
librarydecorations.pathmorphing.code.tex"
("C:\Program Files\MiKTeX 2.9\tex\generic\pgf\frontendlayer\tikz\libraries\tikz
librarydecorations.code.tex"
("C:\Program Files\MiKTeX 2.9\tex\generic\pgf\modules\pgfmoduledecorations.code
.tex"
\pgfdecoratedcompleteddistance=\dimen155
\pgfdecoratedremainingdistance=\dimen156
\pgfdecoratedinputsegmentcompleteddistance=\dimen157
\pgfdecoratedinputsegmentremainingdistance=\dimen158
\pgf@decorate@distancetomove=\dimen159
\pgf@decorate@repeatstate=\count122
\pgfdecorationsegmentamplitude=\dimen160
\pgfdecorationsegmentlength=\dimen161
)
\tikz@lib@dec@box=\box35
)
("C:\Program Files\MiKTeX 2.9\tex\generic\pgf\libraries\decorations\pgflibraryd
ecorations.pathmorphing.code.tex"))
\c@bclogocompteur=\count123
\bcval@epBarre=\skip45
\bcval@framesep=\skip46
\bcval@tailleOndu=\skip47
\bcval@borderWidth=\skip48
\bc@envbox=\box36
\bc@invbox=\box37
\bc@invboxh=\skip49
\bc@invboxd=\skip50
)
("C:\Program Files\MiKTeX 2.9\tex\latex\wrapfig\wrapfig.sty"
\wrapoverhang=\dimen162
\WF@size=\dimen163
\c@WF@wrappedlines=\count124
\WF@box=\box38
\WF@everypar=\toks28
Package: wrapfig 2003/01/31  v 3.6
)
("C:\Program Files\MiKTeX 2.9\tex\latex\listings\listings.sty"
\lst@mode=\count125
\lst@gtempboxa=\box39
\lst@token=\toks29
\lst@length=\count126
\lst@currlwidth=\dimen164
\lst@column=\count127
\lst@pos=\count128
\lst@lostspace=\dimen165
\lst@width=\dimen166
\lst@newlines=\count129
\lst@lineno=\count130
\lst@maxwidth=\dimen167

("C:\Program Files\MiKTeX 2.9\tex\latex\listings\lstmisc.sty"
File: lstmisc.sty 2013/08/26 1.5b (Carsten Heinz)
\c@lstnumber=\count131
\lst@skipnumbers=\count132
\lst@framebox=\box40
)
("C:\Program Files\MiKTeX 2.9\tex\latex\listings\listings.cfg"
File: listings.cfg 2013/08/26 1.5b listings configuration
))
Package: listings 2013/08/26 1.5b (Carsten Heinz)

("C:\Program Files\MiKTeX 2.9\tex\latex\subfigure\subfigure.sty"
Package: subfigure 2002/07/30 v2.1.4 subfigure package
\subfigtopskip=\skip51
\subfigcapskip=\skip52
\subfigcaptopadj=\dimen168
\subfigbottomskip=\skip53
\subfigcapmargin=\dimen169
\subfiglabelskip=\skip54
\c@subfigure=\count133
\c@lofdepth=\count134
\c@subtable=\count135
\c@lotdepth=\count136

****************************************
* Local config file subfigure.cfg used *
****************************************
("C:\Program Files\MiKTeX 2.9\tex\latex\subfigure\subfigure.cfg")
\subfig@top=\skip55
\subfig@bottom=\skip56
)
("C:\Program Files\MiKTeX 2.9\tex\latex\cleveref\cleveref.sty"
Package: cleveref 2013/03/22 v0.18.9 Intelligent cross-referencing
Package cleveref Info: `hyperref' support loaded on input line 2163.
LaTeX Info: Redefining \cref on input line 2163.
LaTeX Info: Redefining \Cref on input line 2163.
LaTeX Info: Redefining \crefrange on input line 2163.
LaTeX Info: Redefining \Crefrange on input line 2163.
LaTeX Info: Redefining \cpageref on input line 2163.
LaTeX Info: Redefining \Cpageref on input line 2163.
LaTeX Info: Redefining \cpagerefrange on input line 2163.
LaTeX Info: Redefining \Cpagerefrange on input line 2163.
LaTeX Info: Redefining \labelcref on input line 2163.
LaTeX Info: Redefining \labelcpageref on input line 2163.
Package cleveref Info: `listings' support loaded on input line 2857.
)
(C:\Users\Christophe\Documents\GitHub\thymio-vpl-tutorial\docs\fr\vpl.aux
(C:\Users\Christophe\Documents\GitHub\thymio-vpl-tutorial\docs\fr\vpl-avant.aux
)
(C:\Users\Christophe\Documents\GitHub\thymio-vpl-tutorial\docs\fr\vpl-intro.aux
)
(C:\Users\Christophe\Documents\GitHub\thymio-vpl-tutorial\docs\fr\vpl-couleurs.
aux)
(C:\Users\Christophe\Documents\GitHub\thymio-vpl-tutorial\docs\fr\vpl-mouvement
s.aux)
(C:\Users\Christophe\Documents\GitHub\thymio-vpl-tutorial\docs\fr\vpl-robot-de-
compagnie.aux)
(C:\Users\Christophe\Documents\GitHub\thymio-vpl-tutorial\docs\fr\vpl-ligne.aux
)
(C:\Users\Christophe\Documents\GitHub\thymio-vpl-tutorial\docs\fr\vpl-cloches.a
ux)
(C:\Users\Christophe\Documents\GitHub\thymio-vpl-tutorial\docs\fr\vpl-temps.aux
)
(C:\Users\Christophe\Documents\GitHub\thymio-vpl-tutorial\docs\fr\vpl-etats.aux
)
(C:\Users\Christophe\Documents\GitHub\thymio-vpl-tutorial\docs\fr\vpl-suivant.a
ux))
LaTeX Font Info:    Checking defaults for OML/cmm/m/it on input line 42.
LaTeX Font Info:    ... okay on input line 42.
LaTeX Font Info:    Checking defaults for T1/cmr/m/n on input line 42.
LaTeX Font Info:    ... okay on input line 42.
LaTeX Font Info:    Checking defaults for OT1/cmr/m/n on input line 42.
LaTeX Font Info:    ... okay on input line 42.
LaTeX Font Info:    Checking defaults for OMS/cmsy/m/n on input line 42.
LaTeX Font Info:    ... okay on input line 42.
LaTeX Font Info:    Checking defaults for OMX/cmex/m/n on input line 42.
LaTeX Font Info:    ... okay on input line 42.
LaTeX Font Info:    Checking defaults for U/cmr/m/n on input line 42.
LaTeX Font Info:    ... okay on input line 42.
LaTeX Font Info:    Checking defaults for PD1/pdf/m/n on input line 42.
LaTeX Font Info:    ... okay on input line 42.
LaTeX Font Info:    Try loading font information for T1+lmr on input line 42.
 ("C:\Program Files\MiKTeX 2.9\tex\latex\lm\t1lmr.fd"
File: t1lmr.fd 2009/10/30 v1.6 Font defs for Latin Modern
)
\big@size=\dimen170

("C:\Program Files\MiKTeX 2.9\tex\context\base\supp-pdf.mkii"
[Loading MPS to PDF converter (version 2006.09.02).]
\scratchcounter=\count137
\scratchdimen=\dimen171
\scratchbox=\box41
\nofMPsegments=\count138
\nofMParguments=\count139
\everyMPshowfont=\toks30
\MPscratchCnt=\count140
\MPscratchDim=\dimen172
\MPnumerator=\count141
\makeMPintoPDFobject=\count142
\everyMPtoPDFconversion=\toks31
)
\AtBeginShipoutBox=\box42
Package hyperref Info: Link coloring ON on input line 42.
 ("C:\Program Files\MiKTeX 2.9\tex\latex\hyperref\nameref.sty"
Package: nameref 2012/10/27 v2.43 Cross-referencing by name of section

("C:\Program Files\MiKTeX 2.9\tex\generic\oberdiek\gettitlestring.sty"
Package: gettitlestring 2010/12/03 v1.4 Cleanup title references (HO)
)
\c@section@level=\count143
)
LaTeX Info: Redefining \ref on input line 42.
LaTeX Info: Redefining \pageref on input line 42.
LaTeX Info: Redefining \nameref on input line 42.

(C:\Users\Christophe\Documents\GitHub\thymio-vpl-tutorial\docs\fr\vpl.out)
(C:\Users\Christophe\Documents\GitHub\thymio-vpl-tutorial\docs\fr\vpl.out)
\@outlinefile=\write4
LaTeX Info: Redefining \degres on input line 42.
LaTeX Info: Redefining \dots on input line 42.
LaTeX Info: Redefining \up on input line 42.

ABD: EveryShipout initializing macros
\c@lstlisting=\count144

(C:\Users\Christophe\Documents\GitHub\thymio-vpl-tutorial\docs\fr\vpl-avant.tex

Package xcolor Warning: Incompatible color definition on input line 21.


Package xcolor Warning: Incompatible color definition on input line 27.

LaTeX Font Info:    Try loading font information for T1+lmtt on input line 31.
("C:\Program Files\MiKTeX 2.9\tex\latex\lm\t1lmtt.fd"
File: t1lmtt.fd 2009/10/30 v1.6 Font defs for Latin Modern
)
LaTeX Font Info:    Try loading font information for OMS+lmr on input line 48.

("C:\Program Files\MiKTeX 2.9\tex\latex\lm\omslmr.fd"
File: omslmr.fd 2009/10/30 v1.6 Font defs for Latin Modern
)
LaTeX Font Info:    Try loading font information for OMS+lmsy on input line 48.


("C:\Program Files\MiKTeX 2.9\tex\latex\lm\omslmsy.fd"
File: omslmsy.fd 2009/10/30 v1.6 Font defs for Latin Modern
)
LaTeX Font Info:    Font shape `OMS/lmr/m/n' in size <10.95> not available
(Font)              Font shape `OMS/lmsy/m/n' tried instead on input line 48.


Package xcolor Warning: Incompatible color definition on input line 48.

<../../images/../images/by-sa.pdf, id=61, 70.664pt x 24.893pt>
File: ../../images/../images/by-sa.pdf Graphic file (type pdf)

<use ../../images/../images/by-sa.pdf>
Package pdftex.def Info: ../../images/../images/by-sa.pdf used on input line 59
.
(pdftex.def)             Requested size: 85.35696pt x 30.07199pt.
 [1


{C:/ProgramData/MiKTeX/2.9/pdftex/config/pdftex.map} <C:/Users/Christophe/Docum
ents/GitHub/thymio-vpl-tutorial/images/by-sa.pdf>]
(C:\Users\Christophe\Documents\GitHub\thymio-vpl-tutorial\docs\fr\vpl.toc

Package xcolor Warning: Incompatible color definition on input line 2.


Package xcolor Warning: Incompatible color definition on input line 3.


Package xcolor Warning: Incompatible color definition on input line 4.


Package xcolor Warning: Incompatible color definition on input line 5.


Package xcolor Warning: Incompatible color definition on input line 6.


Package xcolor Warning: Incompatible color definition on input line 7.


Package xcolor Warning: Incompatible color definition on input line 8.


Package xcolor Warning: Incompatible color definition on input line 9.


Package xcolor Warning: Incompatible color definition on input line 10.

)
\tf@toc=\write5
) [2

]
(C:\Users\Christophe\Documents\GitHub\thymio-vpl-tutorial\docs\fr\vpl-intro.tex
Chapitre 1.

Package xcolor Warning: Incompatible color definition on input line 3.

LaTeX Font Info:    Try loading font information for OT1+lmr on input line 3.
("C:\Program Files\MiKTeX 2.9\tex\latex\lm\ot1lmr.fd"
File: ot1lmr.fd 2009/10/30 v1.6 Font defs for Latin Modern
)
LaTeX Font Info:    Try loading font information for OML+lmm on input line 3.

("C:\Program Files\MiKTeX 2.9\tex\latex\lm\omllmm.fd"
File: omllmm.fd 2009/10/30 v1.6 Font defs for Latin Modern
)
LaTeX Font Info:    Try loading font information for OMX+lmex on input line 3.

("C:\Program Files\MiKTeX 2.9\tex\latex\lm\omxlmex.fd"
File: omxlmex.fd 2009/10/30 v1.6 Font defs for Latin Modern
)
LaTeX Font Info:    External font `lmex10' loaded for size
(Font)              <10.95> on input line 3.
LaTeX Font Info:    External font `lmex10' loaded for size
(Font)              <8> on input line 3.
LaTeX Font Info:    External font `lmex10' loaded for size
(Font)              <6> on input line 3.
LaTeX Font Info:    Try loading font information for OT1+zplm on input line 3.

("C:\Program Files\MiKTeX 2.9\tex\latex\psnfss\ot1zplm.fd"
File: ot1zplm.fd 2002/09/08 Fontinst v1.914 font definitions for OT1/zplm.
)
Package hyperref Info: bookmark level for unknown bclogo defaults to 0 on input
 line 12.
File: bc-info.mps Graphic file (type mps)
 [MP to PDF]
("C:\Program Files\MiKTeX 2.9\tex\latex\bclogo\bc-info.mps")

Package xcolor Warning: Incompatible color definition on input line 14.


Package xcolor Warning: Incompatible color definition on input line 14.


Package xcolor Warning: Incompatible color definition on input line 14.


<../../images/print-screen-connect-aseba.png, id=93, 241.65282pt x 365.11406pt>
File: ../../images/print-screen-connect-aseba.png Graphic file (type png)
<use ../../images/print-screen-connect-aseba.png>
Package pdftex.def Info: ../../images/print-screen-connect-aseba.png used on in
put line 18.
(pdftex.def)             Requested size: 170.71393pt x 257.94028pt.


Package xcolor Warning: Incompatible color definition on input line 23.

<../../images/aseba.png, id=96, 1032.85875pt x 752.8125pt>
File: ../../images/aseba.png Graphic file (type png)

<use ../../images/aseba.png>
Package pdftex.def Info: ../../images/aseba.png used on input line 27.
(pdftex.def)             Requested size: 384.10959pt x 279.96065pt.


Package xcolor Warning: Incompatible color definition on input line 34.


Package xcolor Warning: Incompatible color definition on input line 34.

[3



] [4 <C:/Users/Christophe/Documents/GitHub/thymio-vpl-tutorial/images/print-scr
een-connect-aseba.png> <C:/Users/Christophe/Documents/GitHub/thymio-vpl-tutoria
l/images/aseba.png>] <../../images/front.png, id=118, 160.6pt x 134.101pt>
File: ../../images/front.png Graphic file (type png)

<use ../../images/front.png>
Package pdftex.def Info: ../../images/front.png used on input line 38.
(pdftex.def)             Requested size: 196.32687pt x 163.93854pt.


Package xcolor Warning: Incompatible color definition on input line 45.

<../../images/aseba-vpl-fr.png, id=120, 858.20625pt x 714.41907pt>
File: ../../images/aseba-vpl-fr.png Graphic file (type png)

<use ../../images/aseba-vpl-fr.png>
Package pdftex.def Info: ../../images/aseba-vpl-fr.png used on input line 54.
(pdftex.def)             Requested size: 341.43436pt x 284.2255pt.
File: bc-info.mps Graphic file (type mps)
 [MP to PDF]
("C:\Program Files\MiKTeX 2.9\tex\latex\bclogo\bc-info.mps")
<../../images/new.pdf, id=121, 32.12pt x 32.12pt>
File: ../../images/new.pdf Graphic file (type pdf)
 <use ../../images/new.pdf>
Package pdftex.def Info: ../../images/new.pdf used on input line 63.
(pdftex.def)             Requested size: 30.00066pt x 30.0pt.

[5 <C:/Users/Christophe/Documents/GitHub/thymio-vpl-tutorial/images/front.png>]
<../../images/e-a-pair.png, id=131, 361.35pt x 138.5175pt>
File: ../../images/e-a-pair.png Graphic file (type png)

<use ../../images/e-a-pair.png>
Package pdftex.def Info: ../../images/e-a-pair.png used on input line 65.
(pdftex.def)             Requested size: 104.34772pt x 40.0pt.
File: bc-takecare.mps Graphic file (type mps)
 [MP to PDF]
("C:\Program Files\MiKTeX 2.9\tex\latex\bclogo\bc-takecare.mps")
<../../images/event-action-pair-empty.png, id=132, 745.28438pt x 253.69781pt>
File: ../../images/event-action-pair-empty.png Graphic file (type png)

<use ../../images/event-action-pair-empty.png>
Package pdftex.def Info: ../../images/event-action-pair-empty.png used on input
 line 74.
(pdftex.def)             Requested size: 117.508pt x 40.0pt.
 [6 <C:/Users/Christophe/Documents/GitHub/thymio-vpl-tutorial/images/aseba-vpl-
fr.png> <C:/Users/Christophe/Documents/GitHub/thymio-vpl-tutorial/images/new.pd
f> <C:/Users/Christophe/Documents/GitHub/thymio-vpl-tutorial/images/e-a-pair.pn
g>]
File: bc-info.mps Graphic file (type mps)
 [MP to PDF]
("C:\Program Files\MiKTeX 2.9\tex\latex\bclogo\bc-info.mps")
<../../images/event-buttons.png, id=155, 228.10219pt x 228.10219pt>
File: ../../images/event-buttons.png Graphic file (type png)

<use ../../images/event-buttons.png>
Package pdftex.def Info: ../../images/event-buttons.png used on input line 80.
(pdftex.def)             Requested size: 39.99852pt x 40.0pt.

<../../images/action-colors-up.png, id=156, 86.3225pt x 87.32625pt>
File: ../../images/action-colors-up.png Graphic file (type png)

<use ../../images/action-colors-up.png>
Package pdftex.def Info: ../../images/action-colors-up.png used on input line 8
0.
(pdftex.def)             Requested size: 39.54022pt x 40.0pt.

<../../images/forward.png, id=157, 110.4125pt x 114.4275pt>
File: ../../images/forward.png Graphic file (type png)

<use ../../images/forward.png>
Package pdftex.def Info: ../../images/forward.png used on input line 82.
(pdftex.def)             Requested size: 38.59608pt x 40.0pt.

<../../images/red.png, id=158, 106.3975pt x 106.3975pt>
File: ../../images/red.png Graphic file (type png)

<use ../../images/red.png>
Package pdftex.def Info: ../../images/red.png used on input line 84.
(pdftex.def)             Requested size: 39.99962pt x 40.0pt.

<../../images/save.pdf, id=159, 102.784pt x 102.784pt>
File: ../../images/save.pdf Graphic file (type pdf)

<use ../../images/save.pdf>
Package pdftex.def Info: ../../images/save.pdf used on input line 94.
(pdftex.def)             Requested size: 29.9995pt x 30.0pt.
 <../../images/run.pdf, id=160, 48.18pt x 48.18pt>
File: ../../images/run.pdf Graphic file (type pdf)

<use ../../images/run.pdf>
Package pdftex.def Info: ../../images/run.pdf used on input line 98.
(pdftex.def)             Requested size: 29.99992pt x 30.0pt.
 [7 <C:/Users/Christophe/Documents/GitHub/thymio-vpl-tutorial/images/event-acti
on-pair-empty.png> <C:/Users/Christophe/Documents/GitHub/thymio-vpl-tutorial/im
ages/event-buttons.png> <C:/Users/Christophe/Documents/GitHub/thymio-vpl-tutori
al/images/action-colors-up.png (PNG copy)> <C:/Users/Christophe/Documents/GitHu
b/thymio-vpl-tutorial/images/forward.png> <C:/Users/Christophe/Documents/GitHub
/thymio-vpl-tutorial/images/red.png> <C:/Users/Christophe/Documents/GitHub/thym
io-vpl-tutorial/images/save.pdf>]

Package xcolor Warning: Incompatible color definition on input line 104.

<../../images/back.png, id=419, 394.47375pt x 200.75pt>
File: ../../images/back.png Graphic file (type png)

<use ../../images/back.png>
Package pdftex.def Info: ../../images/back.png used on input line 108.
(pdftex.def)             Requested size: 256.0774pt x 130.32053pt.
 <../../images/x.png, id=420, 40.15pt x 35.13126pt>
File: ../../images/x.png Graphic file (type png)

<use ../../images/x.png>
Package pdftex.def Info: ../../images/x.png used on input line 118.
(pdftex.def)             Requested size: 34.2857pt x 30.0pt.

<../../images/plus.png, id=421, 38.1425pt x 27.10126pt>
File: ../../images/plus.png Graphic file (type png)

<use ../../images/plus.png>
Package pdftex.def Info: ../../images/plus.png used on input line 119.
(pdftex.def)             Requested size: 42.22458pt x 30.0pt.

<../../images/open.pdf, id=422, 51.392pt x 51.392pt>
File: ../../images/open.pdf Graphic file (type pdf)

<use ../../images/open.pdf>
Package pdftex.def Info: ../../images/open.pdf used on input line 125.
(pdftex.def)             Requested size: 40.00089pt x 40.0pt.
 [8 <C:/Users/Christophe/Documents/GitHub/thymio-vpl-tutorial/images/run.pdf> <
C:/Users/Christophe/Documents/GitHub/thymio-vpl-tutorial/images/back.png> <C:/U
sers/Christophe/Documents/GitHub/thymio-vpl-tutorial/images/x.png> <C:/Users/Ch
ristophe/Documents/GitHub/thymio-vpl-tutorial/images/plus.png>] <../../images/s
aveas.pdf, id=485, 102.784pt x 102.784pt>
File: ../../images/saveas.pdf Graphic file (type pdf)

<use ../../images/saveas.pdf>
Package pdftex.def Info: ../../images/saveas.pdf used on input line 133.
(pdftex.def)             Requested size: 40.00089pt x 40.0pt.

<../../images/stop.pdf, id=486, 48.18pt x 48.18pt>
File: ../../images/stop.pdf Graphic file (type pdf)
 <use ../../images/stop.pdf>
Package pdftex.def Info: ../../images/stop.pdf used on input line 135.
(pdftex.def)             Requested size: 29.99992pt x 30.0pt.

<../../images/scheme.png, id=487, 145.54375pt x 109.40875pt>
File: ../../images/scheme.png Graphic file (type png)

<use ../../images/scheme.png>
Package pdftex.def Info: ../../images/scheme.png used on input line 137.
(pdftex.def)             Requested size: 53.21074pt x 40.0pt.

<../../images/advanced.pdf, id=488, 102.784pt x 102.784pt>
File: ../../images/advanced.pdf Graphic file (type pdf)

<use ../../images/advanced.pdf>
Package pdftex.def Info: ../../images/advanced.pdf used on input line 139.
(pdftex.def)             Requested size: 40.00089pt x 40.0pt.


Package xcolor Warning: Incompatible color definition on input line 139.

<../../images/info1.pdf, id=490, 99.57199pt x 93.951pt>
File: ../../images/info1.pdf Graphic file (type pdf)

<use ../../images/info1.pdf>
Package pdftex.def Info: ../../images/info1.pdf used on input line 141.
(pdftex.def)             Requested size: 42.39273pt x 40.0pt.


Package xcolor Warning: Incompatible color definition on input line 144.

) [9 <C:/Users/Christophe/Documents/GitHub/thymio-vpl-tutorial/images/open.pdf>
 <C:/Users/Christophe/Documents/GitHub/thymio-vpl-tutorial/images/saveas.pdf

pdfTeX warning: pdflatex (file C:/Users/Christophe/Documents/GitHub/thymio-vpl-
tutorial/images/saveas.pdf): PDF inclusion: multiple pdfs with page group inclu
ded in a single page
> <C:/Users/Christophe/Documents/GitHub/thymio-vpl-tutorial/images/stop.pdf

pdfTeX warning: pdflatex (file C:/Users/Christophe/Documents/GitHub/thymio-vpl-
tutorial/images/stop.pdf): PDF inclusion: multiple pdfs with page group include
d in a single page
> <C:/Users/Christophe/Documents/GitHub/thymio-vpl-tutorial/images/scheme.png> 
<C:/Users/Christophe/Documents/GitHub/thymio-vpl-tutorial/images/advanced.pdf

pdfTeX warning: pdflatex (file C:/Users/Christophe/Documents/GitHub/thymio-vpl-
tutorial/images/advanced.pdf): PDF inclusion: multiple pdfs with page group inc
luded in a single page
> <C:/Users/Christophe/Documents/GitHub/thymio-vpl-tutorial/images/info1.pdf

pdfTeX warning: pdflatex (file C:/Users/Christophe/Documents/GitHub/thymio-vpl-
tutorial/images/info1.pdf): PDF inclusion: multiple pdfs with page group includ
ed in a single page
>]
(C:\Users\Christophe\Documents\GitHub\thymio-vpl-tutorial\docs\fr\vpl-couleurs.
tex
Chapitre 2.
File: bc-crayon.mps Graphic file (type mps)
[MP to PDF] ("C:\Program Files\MiKTeX 2.9\tex\latex\bclogo\bc-crayon.mps")
<../../images/action-colors-up-white.png, id=1087, 110.66344pt x 111.41624pt>
File: ../../images/action-colors-up-white.png Graphic file (type png)

<use ../../images/action-colors-up-white.png>
Package pdftex.def Info: ../../images/action-colors-up-white.png used on input 
line 10.
(pdftex.def)             Requested size: 39.72903pt x 40.0pt.

<../../images/action-colors-down-white.png, id=1088, 111.41624pt x 110.66344pt>
File: ../../images/action-colors-down-white.png Graphic file (type png)
<use ../../images/action-colors-down-white.png>
Package pdftex.def Info: ../../images/action-colors-down-white.png used on inpu
t line 10.
(pdftex.def)             Requested size: 40.27301pt x 40.0pt.


Package xcolor Warning: Incompatible color definition on input line 12.


Package xcolor Warning: Incompatible color definition on input line 18.


Package xcolor Warning: Incompatible color definition on input line 18.


Package xcolor Warning: Incompatible color definition on input line 22.

[10



 <C:/Users/Christophe/Documents/GitHub/thymio-vpl-tutorial/images/action-colors
-up-white.png> <C:/Users/Christophe/Documents/GitHub/thymio-vpl-tutorial/images
/action-colors-down-white.png>]
<../../images/colors1.png, id=1104, 360.34625pt x 632.3625pt>
File: ../../images/colors1.png Graphic file (type png)

<use ../../images/colors1.png>
Package pdftex.def Info: ../../images/colors1.png used on input line 26.
(pdftex.def)             Requested size: 149.37956pt x 262.13608pt.

Underfull \hbox (badness 1675) in paragraph at lines 26--26
[]\T1/lmr/m/n/9 (a) Chan-ger les cou-leurs lors-qu'un
 []

<../../images/colors2.png, id=1105, 361.35pt x 301.125pt>
File: ../../images/colors2.png Graphic file (type png)

<use ../../images/colors2.png>
Package pdftex.def Info: ../../images/colors2.png used on input line 28.
(pdftex.def)             Requested size: 149.37956pt x 124.48209pt.
File: bc-info.mps Graphic file (type mps)
 [MP to PDF]
("C:\Program Files\MiKTeX 2.9\tex\latex\bclogo\bc-info.mps")) [11 <C:/Users/Chr
istophe/Documents/GitHub/thymio-vpl-tutorial/images/colors1.png> <C:/Users/Chri
stophe/Documents/GitHub/thymio-vpl-tutorial/images/colors2.png>]
(C:\Users\Christophe\Documents\GitHub\thymio-vpl-tutorial\docs\fr\vpl-mouvement
s.tex
Chapitre 3.
<../../images/action-motors.png, id=1113, 228.10219pt x 228.10219pt>
File: ../../images/action-motors.png Graphic file (type png)

<use ../../images/action-motors.png>
Package pdftex.def Info: ../../images/action-motors.png used on input line 7.
(pdftex.def)             Requested size: 39.99852pt x 40.0pt.
File: bc-crayon.mps Graphic file (type mps)
 [MP to PDF]
("C:\Program Files\MiKTeX 2.9\tex\latex\bclogo\bc-crayon.mps")

Package xcolor Warning: Incompatible color definition on input line 14.

File: ../../images/run.pdf Graphic file (type pdf)
<use ../../images/run.pdf>
Package pdftex.def Info: ../../images/run.pdf used on input line 16.
(pdftex.def)             Requested size: 29.99992pt x 30.0pt.

<../../images/no-stop-motors.png, id=1115, 368.37625pt x 304.13625pt>
File: ../../images/no-stop-motors.png Graphic file (type png)

<use ../../images/no-stop-motors.png>
Package pdftex.def Info: ../../images/no-stop-motors.png used on input line 20.

(pdftex.def)             Requested size: 170.71393pt x 140.93925pt.

<../../images/stop-motors.png, id=1116, 361.35pt x 139.52126pt>
File: ../../images/stop-motors.png Graphic file (type png)

<use ../../images/stop-motors.png>
Package pdftex.def Info: ../../images/stop-motors.png used on input line 27.
(pdftex.def)             Requested size: 103.59784pt x 40.0pt.
 [12



 <C:/Users/Christophe/Documents/GitHub/thymio-vpl-tutorial/images/action-motors
.png>]
File: ../../images/stop.pdf Graphic file (type pdf)
 <use ../../images/stop.pdf>
Package pdftex.def Info: ../../images/stop.pdf used on input line 29.
(pdftex.def)             Requested size: 29.99992pt x 30.0pt.
File: bc-info.mps Graphic file (type mps)

[MP to PDF] ("C:\Program Files\MiKTeX 2.9\tex\latex\bclogo\bc-info.mps")
File: bc-takecare.mps Graphic file (type mps)

[MP to PDF] ("C:\Program Files\MiKTeX 2.9\tex\latex\bclogo\bc-takecare.mps")

Package xcolor Warning: Incompatible color definition on input line 39.


Package xcolor Warning: Incompatible color definition on input line 39.

File: bc-info.mps Graphic file (type mps)
[MP to PDF] ("C:\Program Files\MiKTeX 2.9\tex\latex\bclogo\bc-info.mps")
<../../images/event-ground.png, id=1128, 228.10219pt x 228.10219pt>
File: ../../images/event-ground.png Graphic file (type png)

<use ../../images/event-ground.png>
Package pdftex.def Info: ../../images/event-ground.png used on input line 44.
(pdftex.def)             Requested size: 39.99852pt x 40.0pt.
 [13 <C:/Users/Christophe/Documents/GitHub/thymio-vpl-tutorial/images/no-stop-m
otors.png> <C:/Users/Christophe/Documents/GitHub/thymio-vpl-tutorial/images/sto
p-motors.png>]
<../../images/dont-fall.png, id=1138, 359.3425pt x 136.51pt>
File: ../../images/dont-fall.png Graphic file (type png)

<use ../../images/dont-fall.png>
Package pdftex.def Info: ../../images/dont-fall.png used on input line 55.
(pdftex.def)             Requested size: 105.29231pt x 40.0pt.

<../../images/bottom.jpg, id=1139, 160.6pt x 153.373pt>
File: ../../images/bottom.jpg Graphic file (type jpg)

<use ../../images/bottom.jpg>
Package pdftex.def Info: ../../images/bottom.jpg used on input line 59.
(pdftex.def)             Requested size: 256.0774pt x 244.56165pt.
File: bc-info.mps Graphic file (type mps)
 [MP to PDF]
("C:\Program Files\MiKTeX 2.9\tex\latex\bclogo\bc-info.mps") [14 <C:/Users/Chri
stophe/Documents/GitHub/thymio-vpl-tutorial/images/bottom.jpg> <C:/Users/Christ
ophe/Documents/GitHub/thymio-vpl-tutorial/images/event-ground.png> <C:/Users/Ch
ristophe/Documents/GitHub/thymio-vpl-tutorial/images/dont-fall.png>]
File: bc-crayon.mps Graphic file (type mps)

[MP to PDF] ("C:\Program Files\MiKTeX 2.9\tex\latex\bclogo\bc-crayon.mps"))
[15]
(C:\Users\Christophe\Documents\GitHub\thymio-vpl-tutorial\docs\fr\vpl-robot-de-
compagnie.tex
Chapitre 4.
File: bc-crayon.mps Graphic file (type mps)
[MP to PDF] ("C:\Program Files\MiKTeX 2.9\tex\latex\bclogo\bc-crayon.mps")

Package xcolor Warning: Incompatible color definition on input line 12.

<../../images/detect.jpg, id=1153, 160.6pt x 68.255pt>
File: ../../images/detect.jpg Graphic file (type jpg)

<use ../../images/detect.jpg>
Package pdftex.def Info: ../../images/detect.jpg used on input line 16.
(pdftex.def)             Requested size: 256.0774pt x 108.83632pt.

<../../images/event-prox.png, id=1154, 228.10219pt x 228.10219pt>
File: ../../images/event-prox.png Graphic file (type png)

<use ../../images/event-prox.png>
Package pdftex.def Info: ../../images/event-prox.png used on input line 21.
(pdftex.def)             Requested size: 39.99852pt x 40.0pt.
 [16



 <C:/Users/Christophe/Documents/GitHub/thymio-vpl-tutorial/images/event-prox.pn
g> <C:/Users/Christophe/Documents/GitHub/thymio-vpl-tutorial/images/detect.jpg>
]

Package xcolor Warning: Incompatible color definition on input line 32.

<../../images/likes-forward.png, id=1164, 357.335pt x 302.12875pt>
File: ../../images/likes-forward.png Graphic file (type png)

<use ../../images/likes-forward.png>
Package pdftex.def Info: ../../images/likes-forward.png used on input line 36.
(pdftex.def)             Requested size: 170.71393pt x 144.33784pt.


Package xcolor Warning: Incompatible color definition on input line 43.

<../../images/bulldozer.pdf, id=1166, 569.05513pt x 569.05513pt>
File: ../../images/bulldozer.pdf Graphic file (type pdf)

<use ../../images/bulldozer.pdf>
Package pdftex.def Info: ../../images/bulldozer.pdf used on input line 47.
(pdftex.def)             Requested size: 106.69783pt x 106.69757pt.

<../../images/turning.png, id=1167, 369.38pt x 138.5175pt>
File: ../../images/turning.png Graphic file (type png)

<use ../../images/turning.png>
Package pdftex.def Info: ../../images/turning.png used on input line 54.
(pdftex.def)             Requested size: 106.66655pt x 40.0pt.
File: ../../images/stop.pdf Graphic file (type pdf)
 <use ../../images/stop.pdf>
Package pdftex.def Info: ../../images/stop.pdf used on input line 54.
(pdftex.def)             Requested size: 29.99992pt x 30.0pt.
 [17 <C:/Users/Christophe/Documents/GitHub/thymio-vpl-tutorial/images/likes-for
ward.png>]
File: bc-info.mps Graphic file (type mps)

[MP to PDF] ("C:\Program Files\MiKTeX 2.9\tex\latex\bclogo\bc-info.mps")
File: bc-crayon.mps Graphic file (type mps)

[MP to PDF] ("C:\Program Files\MiKTeX 2.9\tex\latex\bclogo\bc-crayon.mps")

Package xcolor Warning: Incompatible color definition on input line 72.

<../../images/likes-turns.png, id=1176, 368.37625pt x 304.13625pt>
File: ../../images/likes-turns.png Graphic file (type png)

<use ../../images/likes-turns.png>
Package pdftex.def Info: ../../images/likes-turns.png used on input line 76.
(pdftex.def)             Requested size: 170.71393pt x 140.93925pt.
File: bc-crayon.mps Graphic file (type mps)
 [MP to PDF]
("C:\Program Files\MiKTeX 2.9\tex\latex\bclogo\bc-crayon.mps") [18 <C:/Users/Ch
ristophe/Documents/GitHub/thymio-vpl-tutorial/images/bulldozer.pdf> <C:/Users/C
hristophe/Documents/GitHub/thymio-vpl-tutorial/images/turning.png>]

Package xcolor Warning: Incompatible color definition on input line 90.

<../../images/Thymio-fui.png, id=1232, 387.69844pt x 324.46219pt>
File: ../../images/Thymio-fui.png Graphic file (type png)

<use ../../images/Thymio-fui.png>
Package pdftex.def Info: ../../images/Thymio-fui.png used on input line 94.
(pdftex.def)             Requested size: 149.37956pt x 125.01486pt.

<../../images/hates.png, id=1233, 365.365pt x 304.13625pt>
File: ../../images/hates.png Graphic file (type png)

<use ../../images/hates.png>
Package pdftex.def Info: ../../images/hates.png used on input line 96.
(pdftex.def)             Requested size: 149.37956pt x 124.34396pt.
File: bc-crayon.mps Graphic file (type mps)
 [MP to PDF]
("C:\Program Files\MiKTeX 2.9\tex\latex\bclogo\bc-crayon.mps") [19 <C:/Users/Ch
ristophe/Documents/GitHub/thymio-vpl-tutorial/images/likes-turns.png> <C:/Users
/Christophe/Documents/GitHub/thymio-vpl-tutorial/images/Thymio-fui.png> <C:/Use
rs/Christophe/Documents/GitHub/thymio-vpl-tutorial/images/hates.png>]

Package xcolor Warning: Incompatible color definition on input line 108.

<../../images/follow4.png, id=1246, 299.61937pt x 528.47438pt>
File: ../../images/follow4.png Graphic file (type png)

<use ../../images/follow4.png>
Package pdftex.def Info: ../../images/follow4.png used on input line 112.
(pdftex.def)             Requested size: 102.43225pt x 180.67076pt.
Package hyperref Info: bookmark level for unknown lstlisting defaults to 0 on i
nput line 117.


Package wrapfig Warning: Stationary wrapfigure forced to float on input line 11
7.


Overfull \hbox (96.3599pt too wide) in paragraph at lines 120--121
[][][][][][][][][][][][][][][][] 
 []


Overfull \hbox (78.35971pt too wide) in paragraph at lines 121--122
[][][][][][][][][][][][][] 
 []


Overfull \hbox (84.35977pt too wide) in paragraph at lines 122--123
[][][][][][][][][][][][][] 
 []


Overfull \hbox (96.3599pt too wide) in paragraph at lines 124--125
[][][][][][][][][][][][][][][][] 
 []


Overfull \hbox (90.35983pt too wide) in paragraph at lines 125--126
[][][][][][][][][][][][][] 
 []


Overfull \hbox (96.3599pt too wide) in paragraph at lines 126--127
[][][][][][][][][][][][][] 
 []


Overfull \hbox (96.3599pt too wide) in paragraph at lines 128--129
[][][][][][][][][][][][][][][][] 
 []

LaTeX Font Info:    External font `lmex10' loaded for size
(Font)              <10> on input line 129.
LaTeX Font Info:    External font `lmex10' loaded for size
(Font)              <7.6> on input line 129.

Overfull \hbox (96.3599pt too wide) in paragraph at lines 129--130
[][][][][][][][][][][][][] 
 []


Overfull \hbox (96.3599pt too wide) in paragraph at lines 130--131
[][][][][][][][][][][][][] 
 []


Overfull \hbox (96.3599pt too wide) in paragraph at lines 132--133
[][][][][][][][][][][][][][][][] 
 []


Overfull \hbox (90.35983pt too wide) in paragraph at lines 133--134
[][][][][][][][][][][][][] 
 []


Overfull \hbox (102.35995pt too wide) in paragraph at lines 134--135
[][][][][][][][][][][][][] 
 []


Package xcolor Warning: Incompatible color definition on input line 144.

[20 <C:/Users/Christophe/Documents/GitHub/thymio-vpl-tutorial/images/follow4.pn
g>]) [21]
(C:\Users\Christophe\Documents\GitHub\thymio-vpl-tutorial\docs\fr\vpl-ligne.tex
Chapitre 5.
File: bc-crayon.mps Graphic file (type mps)
[MP to PDF] ("C:\Program Files\MiKTeX 2.9\tex\latex\bclogo\bc-crayon.mps")

Package xcolor Warning: Incompatible color definition on input line 14.

<../../images/lots-of-light.png, id=1285, 111.41624pt x 107.40125pt>
File: ../../images/lots-of-light.png Graphic file (type png)

<use ../../images/lots-of-light.png>
Package pdftex.def Info: ../../images/lots-of-light.png used on input line 16.
(pdftex.def)             Requested size: 41.49536pt x 40.0pt.

<../../images/little-light.png, id=1286, 107.40125pt x 108.405pt>
File: ../../images/little-light.png Graphic file (type png)

<use ../../images/little-light.png>
Package pdftex.def Info: ../../images/little-light.png used on input line 16.
(pdftex.def)             Requested size: 39.62967pt x 40.0pt.


Package xcolor Warning: Incompatible color definition on input line 18.

<../../images/blacktape.jpg, id=1288, 160.6pt x 118.041pt>
File: ../../images/blacktape.jpg Graphic file (type jpg)

<use ../../images/blacktape.jpg>
Package pdftex.def Info: ../../images/blacktape.jpg used on input line 22.
(pdftex.def)             Requested size: 213.39566pt x 156.85023pt.
File: bc-info.mps Graphic file (type mps)
 [MP to PDF]
("C:\Program Files\MiKTeX 2.9\tex\latex\bclogo\bc-info.mps") [22



 <C:/Users/Christophe/Documents/GitHub/thymio-vpl-tutorial/images/lots-of-light
.png> <C:/Users/Christophe/Documents/GitHub/thymio-vpl-tutorial/images/little-l
ight.png>]

Package xcolor Warning: Incompatible color definition on input line 33.

<../../images/line-forward.png, id=1297, 362.35374pt x 302.12875pt>
File: ../../images/line-forward.png Graphic file (type png)

<use ../../images/line-forward.png>
Package pdftex.def Info: ../../images/line-forward.png used on input line 37.
(pdftex.def)             Requested size: 128.0387pt x 106.75626pt.
 [23 <C:/Users/Christophe/Documents/GitHub/thymio-vpl-tutorial/images/blacktape
.jpg> <C:/Users/Christophe/Documents/GitHub/thymio-vpl-tutorial/images/line-for
ward.png>]

Package xcolor Warning: Incompatible color definition on input line 47.


Package xcolor Warning: Incompatible color definition on input line 51.

<../../images/thymio_ligne.png, id=1307, 356.33125pt x 356.33125pt>
File: ../../images/thymio_ligne.png Graphic file (type png)

<use ../../images/thymio_ligne.png>
Package pdftex.def Info: ../../images/thymio_ligne.png used on input line 55.
(pdftex.def)             Requested size: 128.0387pt x 128.03447pt.

<../../images/line-controller.png, id=1308, 358.33875pt x 302.12875pt>
File: ../../images/line-controller.png Graphic file (type png)

<use ../../images/line-controller.png>
Package pdftex.def Info: ../../images/line-controller.png used on input line 57
.
(pdftex.def)             Requested size: 153.64513pt x 129.544pt.
 [24 <C:/Users/Christophe/Documents/GitHub/thymio-vpl-tutorial/images/thymio_li
gne.png> <C:/Users/Christophe/Documents/GitHub/thymio-vpl-tutorial/images/line-
controller.png>]
File: bc-crayon.mps Graphic file (type mps)
 [MP to PDF]
("C:\Program Files\MiKTeX 2.9\tex\latex\bclogo\bc-crayon.mps")
File: bc-crayon.mps Graphic file (type mps)
 [MP to PDF]
("C:\Program Files\MiKTeX 2.9\tex\latex\bclogo\bc-crayon.mps")) [25]
(C:\Users\Christophe\Documents\GitHub\thymio-vpl-tutorial\docs\fr\vpl-cloches.t
ex
Chapitre 6.
<../../images/action-music.png, id=1326, 228.10219pt x 228.10219pt>
File: ../../images/action-music.png Graphic file (type png)

<use ../../images/action-music.png>
Package pdftex.def Info: ../../images/action-music.png used on input line 7.
(pdftex.def)             Requested size: 39.99852pt x 40.0pt.


Package xcolor Warning: Incompatible color definition on input line 13.

<../../images/music.png, id=1328, 307.1475pt x 254.9525pt>
File: ../../images/music.png Graphic file (type png)

<use ../../images/music.png>
Package pdftex.def Info: ../../images/music.png used on input line 17.
(pdftex.def)             Requested size: 170.71393pt x 141.70648pt.
File: bc-crayon.mps Graphic file (type mps)
 [MP to PDF]
("C:\Program Files\MiKTeX 2.9\tex\latex\bclogo\bc-crayon.mps") [26



 <C:/Users/Christophe/Documents/GitHub/thymio-vpl-tutorial/images/action-music.
png> <C:/Users/Christophe/Documents/GitHub/thymio-vpl-tutorial/images/music.png
>]
<../../images/event-clap.png, id=1336, 228.10219pt x 228.10219pt>
File: ../../images/event-clap.png Graphic file (type png)

<use ../../images/event-clap.png>
Package pdftex.def Info: ../../images/event-clap.png used on input line 27.
(pdftex.def)             Requested size: 39.99852pt x 40.0pt.
File: ../../images/event-clap.png Graphic file (type png)
 <use ../../images/event-clap.png>
Package pdftex.def Info: ../../images/event-clap.png used on input line 29.
(pdftex.def)             Requested size: 39.99852pt x 40.0pt.
File: bc-info.mps Graphic file (type mps)

[MP to PDF] ("C:\Program Files\MiKTeX 2.9\tex\latex\bclogo\bc-info.mps")
<../../images/event-tap.png, id=1337, 228.10219pt x 228.10219pt>
File: ../../images/event-tap.png Graphic file (type png)

<use ../../images/event-tap.png>
Package pdftex.def Info: ../../images/event-tap.png used on input line 36.
(pdftex.def)             Requested size: 39.99852pt x 40.0pt.
File: bc-crayon.mps Graphic file (type mps)
 [MP to PDF]
("C:\Program Files\MiKTeX 2.9\tex\latex\bclogo\bc-crayon.mps")) [27 <C:/Users/C
hristophe/Documents/GitHub/thymio-vpl-tutorial/images/event-clap.png> <C:/Users
/Christophe/Documents/GitHub/thymio-vpl-tutorial/images/event-tap.png>]
(C:\Users\Christophe\Documents\GitHub\thymio-vpl-tutorial\docs\fr\vpl-temps.tex
Chapitre 7.
File: bc-crayon.mps Graphic file (type mps)
[MP to PDF] ("C:\Program Files\MiKTeX 2.9\tex\latex\bclogo\bc-crayon.mps")
<../../images/action-timer.png, id=1349, 228.10219pt x 228.10219pt>
File: ../../images/action-timer.png Graphic file (type png)

<use ../../images/action-timer.png>
Package pdftex.def Info: ../../images/action-timer.png used on input line 14.
(pdftex.def)             Requested size: 39.99852pt x 40.0pt.

<../../images/event-timer.png, id=1350, 228.10219pt x 228.10219pt>
File: ../../images/event-timer.png Graphic file (type png)

<use ../../images/event-timer.png>
Package pdftex.def Info: ../../images/event-timer.png used on input line 16.
(pdftex.def)             Requested size: 39.99852pt x 40.0pt.
File: bc-info.mps Graphic file (type mps)
 [MP to PDF]
("C:\Program Files\MiKTeX 2.9\tex\latex\bclogo\bc-info.mps") [28



 <C:/Users/Christophe/Documents/GitHub/thymio-vpl-tutorial/images/action-timer.
png> <C:/Users/Christophe/Documents/GitHub/thymio-vpl-tutorial/images/event-tim
er.png>]

Package xcolor Warning: Incompatible color definition on input line 23.

<../../images/paire-timer.png, id=1360, 297.36093pt x 246.9225pt>
File: ../../images/paire-timer.png Graphic file (type png)

<use ../../images/paire-timer.png>
Package pdftex.def Info: ../../images/paire-timer.png used on input line 27.
(pdftex.def)             Requested size: 170.71393pt x 141.75702pt.
) [29 <C:/Users/Christophe/Documents/GitHub/thymio-vpl-tutorial/images/paire-ti
mer.png>]
(C:\Users\Christophe\Documents\GitHub\thymio-vpl-tutorial\docs\fr\vpl-etats.tex
Chapitre 8.
File: ../../images/advanced.pdf Graphic file (type pdf)
<use ../../images/advanced.pdf>
Package pdftex.def Info: ../../images/advanced.pdf used on input line 7.
(pdftex.def)             Requested size: 40.00089pt x 40.0pt.
File: bc-crayon.mps Graphic file (type mps)
 [MP to PDF]
("C:\Program Files\MiKTeX 2.9\tex\latex\bclogo\bc-crayon.mps")

Package xcolor Warning: Incompatible color definition on input line 19.

<../../images/diagramme_modes.pdf, id=1368, 170.71654pt x 83.03157pt>
File: ../../images/diagramme_modes.pdf Graphic file (type pdf)

<use ../../images/diagramme_modes.pdf>
Package pdftex.def Info: ../../images/diagramme_modes.pdf used on input line 23
.
(pdftex.def)             Requested size: 128.0387pt x 62.27858pt.


Package xcolor Warning: Incompatible color definition on input line 28.

[30



]

Package xcolor Warning: Incompatible color definition on input line 39.

<../../images/tap-on-off1.png, id=1379, 332.24126pt x 241.90375pt>
File: ../../images/tap-on-off1.png Graphic file (type png)

<use ../../images/tap-on-off1.png>
Package pdftex.def Info: ../../images/tap-on-off1.png used on input line 43.
(pdftex.def)             Requested size: 149.37956pt x 108.7634pt.

<../../images/tap-on-off2.png, id=1380, 330.23375pt x 238.8925pt>
File: ../../images/tap-on-off2.png Graphic file (type png)

<use ../../images/tap-on-off2.png>
Package pdftex.def Info: ../../images/tap-on-off2.png used on input line 45.
(pdftex.def)             Requested size: 149.37956pt x 108.06563pt.

<../../images/states_icon.png, id=1381, 60.225pt x 62.2325pt>
File: ../../images/states_icon.png Graphic file (type png)

<use ../../images/states_icon.png>
Package pdftex.def Info: ../../images/states_icon.png used on input line 50.
(pdftex.def)             Requested size: 38.71019pt x 40.0pt.

<../../images/states_icon_numbered.png, id=1382, 73.27374pt x 78.2925pt>
File: ../../images/states_icon_numbered.png Graphic file (type png)

<use ../../images/states_icon_numbered.png>
Package pdftex.def Info: ../../images/states_icon_numbered.png used on input li
ne 50.
(pdftex.def)             Requested size: 37.4373pt x 40.0pt.
 [31 <C:/Users/Christophe/Documents/GitHub/thymio-vpl-tutorial/images/diagramme
_modes.pdf> <C:/Users/Christophe/Documents/GitHub/thymio-vpl-tutorial/images/ta
p-on-off1.png> <C:/Users/Christophe/Documents/GitHub/thymio-vpl-tutorial/images
/tap-on-off2.png> <C:/Users/Christophe/Documents/GitHub/thymio-vpl-tutorial/ima
ges/states_icon.png> <C:/Users/Christophe/Documents/GitHub/thymio-vpl-tutorial/
images/states_icon_numbered.png>]

Package xcolor Warning: Incompatible color definition on input line 58.

File: bc-info.mps Graphic file (type mps)
[MP to PDF] ("C:\Program Files\MiKTeX 2.9\tex\latex\bclogo\bc-info.mps")

Package xcolor Warning: Incompatible color definition on input line 63.

<../../images/states.png, id=1402, 44.165pt x 46.1725pt>
File: ../../images/states.png Graphic file (type png)

<use ../../images/states.png>
Package pdftex.def Info: ../../images/states.png used on input line 69.
(pdftex.def)             Requested size: 28.69543pt x 30.0pt.

<../../images/states1.png, id=1403, 98.3675pt x 96.36pt>
File: ../../images/states1.png Graphic file (type png)

<use ../../images/states1.png>
Package pdftex.def Info: ../../images/states1.png used on input line 69.
(pdftex.def)             Requested size: 40.83224pt x 40.0pt.

<../../images/states2.png, id=1404, 97.36375pt x 95.35625pt>
File: ../../images/states2.png Graphic file (type png)

<use ../../images/states2.png>
Package pdftex.def Info: ../../images/states2.png used on input line 69.
(pdftex.def)             Requested size: 40.84196pt x 40.0pt.


Package xcolor Warning: Incompatible color definition on input line 71.

<../../images/all_states.pdf, id=1406, 642.4pt x 642.4pt>
File: ../../images/all_states.pdf Graphic file (type pdf)

<use ../../images/all_states.pdf>
Package pdftex.def Info: ../../images/all_states.pdf used on input line 75.
(pdftex.def)             Requested size: 149.37956pt x 149.37605pt.

<../../images/state-leds.jpg, id=1407, 152.57pt x 152.1685pt>
File: ../../images/state-leds.jpg Graphic file (type jpg)

<use ../../images/state-leds.jpg>
Package pdftex.def Info: ../../images/state-leds.jpg used on input line 77.
(pdftex.def)             Requested size: 149.37956pt x 148.99176pt.


LaTeX Warning: `h' float specifier changed to `ht'.


Package xcolor Warning: Incompatible color definition on input line 81.

File: bc-crayon.mps Graphic file (type mps)
[MP to PDF] ("C:\Program Files\MiKTeX 2.9\tex\latex\bclogo\bc-crayon.mps")
[32 <C:/Users/Christophe/Documents/GitHub/thymio-vpl-tutorial/images/states.png
> <C:/Users/Christophe/Documents/GitHub/thymio-vpl-tutorial/images/states1.png>
 <C:/Users/Christophe/Documents/GitHub/thymio-vpl-tutorial/images/states2.png>]

Package xcolor Warning: Incompatible color definition on input line 90.

<../../images/State_diagram_mouse.pdf, id=1420, 341.06052pt x 343.42397pt>
File: ../../images/State_diagram_mouse.pdf Graphic file (type pdf)

<use ../../images/State_diagram_mouse.pdf>
Package pdftex.def Info: ../../images/State_diagram_mouse.pdf used on input lin
e 94.
(pdftex.def)             Requested size: 170.71393pt x 171.9002pt.
 [33 <C:/Users/Christophe/Documents/GitHub/thymio-vpl-tutorial/images/all_state
s.pdf> <C:/Users/Christophe/Documents/GitHub/thymio-vpl-tutorial/images/state-l
eds.jpg> <C:/Users/Christophe/Documents/GitHub/thymio-vpl-tutorial/images/State
_diagram_mouse.pdf

pdfTeX warning: pdflatex (file C:/Users/Christophe/Documents/GitHub/thymio-vpl-
tutorial/images/State_diagram_mouse.pdf): PDF inclusion: multiple pdfs with pag
e group included in a single page
>] <../../images/Mode1.pdf, id=1456, 64.24pt x 63.89302pt>
File: ../../images/Mode1.pdf Graphic file (type pdf)

<use ../../images/Mode1.pdf>
Package pdftex.def Info: ../../images/Mode1.pdf used on input line 102.
(pdftex.def)             Requested size: 19.27214pt x 19.16805pt.

<../../images/Mode2.pdf, id=1457, 64.2486pt x 63.88908pt>
File: ../../images/Mode2.pdf Graphic file (type pdf)

<use ../../images/Mode2.pdf>
Package pdftex.def Info: ../../images/Mode2.pdf used on input line 103.
(pdftex.def)             Requested size: 19.27472pt x 19.16685pt.

<../../images/Mode3.pdf, id=1458, 64.2486pt x 63.88907pt>
File: ../../images/Mode3.pdf Graphic file (type pdf)

<use ../../images/Mode3.pdf>
Package pdftex.def Info: ../../images/Mode3.pdf used on input line 104.
(pdftex.def)             Requested size: 19.27472pt x 19.16685pt.


Package xcolor Warning: Incompatible color definition on input line 107.


Package xcolor Warning: Incompatible color definition on input line 115.

<../../images/prog_tete_chercheuse1.png, id=1461, 417.81094pt x 473.51906pt>
File: ../../images/prog_tete_chercheuse1.png Graphic file (type png)

<use ../../images/prog_tete_chercheuse1.png>
Package pdftex.def Info: ../../images/prog_tete_chercheuse1.png used on input l
ine 119.
(pdftex.def)             Requested size: 149.37956pt x 169.29622pt.

<../../images/prog_tete_chercheuse2.png, id=1462, 412.54124pt x 469.755pt>
File: ../../images/prog_tete_chercheuse2.png Graphic file (type png)

<use ../../images/prog_tete_chercheuse2.png>
Package pdftex.def Info: ../../images/prog_tete_chercheuse2.png used on input l
ine 121.
(pdftex.def)             Requested size: 149.37956pt x 170.09367pt.
File: bc-crayon.mps Graphic file (type mps)
 [MP to PDF]
("C:\Program Files\MiKTeX 2.9\tex\latex\bclogo\bc-crayon.mps")) [34 <C:/Users/C
hristophe/Documents/GitHub/thymio-vpl-tutorial/images/Mode1.pdf> <C:/Users/Chri
stophe/Documents/GitHub/thymio-vpl-tutorial/images/Mode2.pdf

pdfTeX warning: pdflatex (file C:/Users/Christophe/Documents/GitHub/thymio-vpl-
tutorial/images/Mode2.pdf): PDF inclusion: multiple pdfs with page group includ
ed in a single page
> <C:/Users/Christophe/Documents/GitHub/thymio-vpl-tutorial/images/Mode3.pdf

pdfTeX warning: pdflatex (file C:/Users/Christophe/Documents/GitHub/thymio-vpl-
tutorial/images/Mode3.pdf): PDF inclusion: multiple pdfs with page group includ
ed in a single page
> <C:/Users/Christophe/Documents/GitHub/thymio-vpl-tutorial/images/prog_tete_ch
ercheuse1.png> <C:/Users/Christophe/Documents/GitHub/thymio-vpl-tutorial/images
/prog_tete_chercheuse2.png>]
(C:\Users\Christophe\Documents\GitHub\thymio-vpl-tutorial\docs\fr\vpl-suivant.t
ex
Chapitre 9.

Package xcolor Warning: Incompatible color definition on input line 3.

<../../images/Aseba_general.png, id=1478, 1444.64719pt x 812.28468pt>
File: ../../images/Aseba_general.png Graphic file (type png)

<use ../../images/Aseba_general.png>
Package pdftex.def Info: ../../images/Aseba_general.png used on input line 7.
(pdftex.def)             Requested size: 426.79134pt x 239.96895pt.
 [35



 <C:/Users/Christophe/Documents/GitHub/thymio-vpl-tutorial/images/Aseba_general
.png>]

Package xcolor Warning: Incompatible color definition on input line 20.

<../../images/Thymio.png, id=1486, 1640.1275pt x 1103.12125pt>
File: ../../images/Thymio.png Graphic file (type png)

<use ../../images/Thymio.png>
Package pdftex.def Info: ../../images/Thymio.png used on input line 28.
(pdftex.def)             Requested size: 426.79134pt x 287.05724pt.
) [36 <C:/Users/Christophe/Documents/GitHub/thymio-vpl-tutorial/images/Thymio.p
ng>]
Package atveryend Info: Empty hook `BeforeClearDocument' on input line 53.
Package atveryend Info: Empty hook `AfterLastShipout' on input line 53.

(C:\Users\Christophe\Documents\GitHub\thymio-vpl-tutorial\docs\fr\vpl.aux
(C:\Users\Christophe\Documents\GitHub\thymio-vpl-tutorial\docs\fr\vpl-avant.aux
)
(C:\Users\Christophe\Documents\GitHub\thymio-vpl-tutorial\docs\fr\vpl-intro.aux
)
(C:\Users\Christophe\Documents\GitHub\thymio-vpl-tutorial\docs\fr\vpl-couleurs.
aux)
(C:\Users\Christophe\Documents\GitHub\thymio-vpl-tutorial\docs\fr\vpl-mouvement
s.aux)
(C:\Users\Christophe\Documents\GitHub\thymio-vpl-tutorial\docs\fr\vpl-robot-de-
compagnie.aux)
(C:\Users\Christophe\Documents\GitHub\thymio-vpl-tutorial\docs\fr\vpl-ligne.aux
)
(C:\Users\Christophe\Documents\GitHub\thymio-vpl-tutorial\docs\fr\vpl-cloches.a
ux)
(C:\Users\Christophe\Documents\GitHub\thymio-vpl-tutorial\docs\fr\vpl-temps.aux
)
(C:\Users\Christophe\Documents\GitHub\thymio-vpl-tutorial\docs\fr\vpl-etats.aux
)
(C:\Users\Christophe\Documents\GitHub\thymio-vpl-tutorial\docs\fr\vpl-suivant.a
ux))
Package atveryend Info: Executing hook `AtVeryEndDocument' on input line 53.
Package atveryend Info: Executing hook `AtEndAfterFileList' on input line 53.
Package rerunfilecheck Info: File `vpl.out' has not changed.
(rerunfilecheck)             Checksum: C29C2B94747D2ADA8FD46A1672024E1B;556.
Package atveryend Info: Empty hook `AtVeryVeryEnd' on input line 53.
 ) 
Here is how much of TeX's memory you used:
 19929 strings out of 493921
 363905 string characters out of 3147266
 440611 words of memory out of 3000000
 22486 multiletter control sequences out of 15000+200000
 87551 words of font info for 61 fonts, out of 3000000 for 9000
 841 hyphenation exceptions out of 8191
 63i,13n,71p,802b,1235s stack positions out of 5000i,500n,10000p,200000b,50000s
{C:/Program Files/MiKTeX 2.9/fonts/enc/dvips/lm/lm-rm.enc}{C:/Program Files/M
iKTeX 2.9/fonts/enc/dvips/lm/lm-mathsy.enc}{C:/Program Files/MiKTeX 2.9/fonts/e
nc/dvips/lm/lm-mathit.enc}{C:/Program Files/MiKTeX 2.9/fonts/enc/dvips/lm/lm-ec
.enc}<C:/Program Files/MiKTeX 2.9/fonts/type1/public/amsfonts/cm/cmr10.pfb><C:/
Program Files/MiKTeX 2.9/fonts/type1/public/lm/lmbx10.pfb><C:/Program Files/MiK
TeX 2.9/fonts/type1/public/lm/lmbx12.pfb><C:/Program Files/MiKTeX 2.9/fonts/typ
e1/public/lm/lmbxi10.pfb><C:/Program Files/MiKTeX 2.9/fonts/type1/public/lm/lmc
sc10.pfb><C:/Program Files/MiKTeX 2.9/fonts/type1/public/lm/lmmi10.pfb><C:/Prog
ram Files/MiKTeX 2.9/fonts/type1/public/lm/lmr10.pfb><C:/Program Files/MiKTeX 2
.9/fonts/type1/public/lm/lmr12.pfb><C:/Program Files/MiKTeX 2.9/fonts/type1/pub
lic/lm/lmr17.pfb><C:/Program Files/MiKTeX 2.9/fonts/type1/public/lm/lmr8.pfb><C
:/Program Files/MiKTeX 2.9/fonts/type1/public/lm/lmr9.pfb><C:/Program Files/MiK
TeX 2.9/fonts/type1/public/lm/lmri10.pfb><C:/Program Files/MiKTeX 2.9/fonts/typ
e1/public/lm/lmsy10.pfb><C:/Program Files/MiKTeX 2.9/fonts/type1/public/lm/lmsy
8.pfb><C:/Program Files/MiKTeX 2.9/fonts/type1/public/lm/lmtt10.pfb><C:/Program
 Files/MiKTeX 2.9/fonts/type1/public/lm/lmtt12.pfb>
Output written on vpl.pdf (36 pages, 2738670 bytes).
PDF statistics:
 1585 PDF objects out of 1728 (max. 8388607)
 166 named destinations out of 1000 (max. 500000)
 546 words of extra memory for PDF output out of 10000 (max. 10000000)

